\BOOKMARK [0][-]{chapter.1}{\376\377\0001\000\040\000F\000i\000l\000e\000\040\000I\000n\000d\000e\000x}{}% 1
\BOOKMARK [1][-]{section.1.1}{\376\377\0001\000.\0001\000\040\000F\000i\000l\000e\000\040\000L\000i\000s\000t}{chapter.1}% 2
\BOOKMARK [0][-]{chapter.2}{\376\377\0002\000\040\000F\000i\000l\000e\000\040\000D\000o\000c\000u\000m\000e\000n\000t\000a\000t\000i\000o\000n}{}% 3
\BOOKMARK [1][-]{section.2.1}{\376\377\0002\000.\0001\000\040\000s\000e\000r\000v\000e\000r\000/\000c\000i\000r\000c\000u\000l\000a\000r\000\137\000b\000u\000f\000f\000e\000r\000/\000a\000d\000d\000\137\000t\000o\000\137\000b\000u\000f\000f\000e\000r\000.\000c\000\040\000F\000i\000l\000e\000\040\000R\000e\000f\000e\000r\000e\000n\000c\000e}{chapter.2}% 4
\BOOKMARK [2][-]{subsection.2.1.1}{\376\377\0002\000.\0001\000.\0001\000\040\000F\000u\000n\000c\000t\000i\000o\000n\000\040\000D\000o\000c\000u\000m\000e\000n\000t\000a\000t\000i\000o\000n}{section.2.1}% 5
\BOOKMARK [3][-]{subsubsection.2.1.1.1}{\376\377\0002\000.\0001\000.\0001\000.\0001\000\040\000a\000d\000d\000\137\000t\000o\000\137\000b\000u\000f\000f\000e\000r\000\050\000\051}{subsection.2.1.1}% 6
\BOOKMARK [3][-]{subsubsection.2.1.1.2}{\376\377\0002\000.\0001\000.\0001\000.\0002\000\040\000c\000a\000n\000\137\000f\000i\000t\000\137\000i\000n\000\137\000b\000u\000f\000f\000e\000r\000\050\000\051}{subsection.2.1.1}% 7
\BOOKMARK [3][-]{subsubsection.2.1.1.3}{\376\377\0002\000.\0001\000.\0001\000.\0003\000\040\000g\000e\000t\000\137\000l\000e\000n\000\137\000l\000e\000f\000t\000\050\000\051}{subsection.2.1.1}% 8
\BOOKMARK [1][-]{section.2.2}{\376\377\0002\000.\0002\000\040\000s\000e\000r\000v\000e\000r\000/\000c\000i\000r\000c\000u\000l\000a\000r\000\137\000b\000u\000f\000f\000e\000r\000/\000h\000a\000s\000\137\000c\000o\000m\000m\000a\000n\000d\000.\000c\000\040\000F\000i\000l\000e\000\040\000R\000e\000f\000e\000r\000e\000n\000c\000e}{chapter.2}% 9
\BOOKMARK [2][-]{subsection.2.2.1}{\376\377\0002\000.\0002\000.\0001\000\040\000F\000u\000n\000c\000t\000i\000o\000n\000\040\000D\000o\000c\000u\000m\000e\000n\000t\000a\000t\000i\000o\000n}{section.2.2}% 10
\BOOKMARK [3][-]{subsubsection.2.2.1.1}{\376\377\0002\000.\0002\000.\0001\000.\0001\000\040\000h\000a\000s\000\137\000c\000o\000m\000m\000a\000n\000d\000\050\000\051}{subsection.2.2.1}% 11
\BOOKMARK [1][-]{section.2.3}{\376\377\0002\000.\0003\000\040\000s\000e\000r\000v\000e\000r\000/\000c\000i\000r\000c\000u\000l\000a\000r\000\137\000b\000u\000f\000f\000e\000r\000/\000i\000n\000i\000t\000\137\000b\000u\000f\000f\000e\000r\000.\000c\000\040\000F\000i\000l\000e\000\040\000R\000e\000f\000e\000r\000e\000n\000c\000e}{chapter.2}% 12
\BOOKMARK [2][-]{subsection.2.3.1}{\376\377\0002\000.\0003\000.\0001\000\040\000F\000u\000n\000c\000t\000i\000o\000n\000\040\000D\000o\000c\000u\000m\000e\000n\000t\000a\000t\000i\000o\000n}{section.2.3}% 13
\BOOKMARK [3][-]{subsubsection.2.3.1.1}{\376\377\0002\000.\0003\000.\0001\000.\0001\000\040\000i\000n\000i\000t\000\137\000c\000\137\000b\000u\000f\000f\000e\000r\000\050\000\051}{subsection.2.3.1}% 14
\BOOKMARK [1][-]{section.2.4}{\376\377\0002\000.\0004\000\040\000s\000e\000r\000v\000e\000r\000/\000c\000i\000r\000c\000u\000l\000a\000r\000\137\000b\000u\000f\000f\000e\000r\000/\000r\000e\000a\000d\000\137\000f\000r\000o\000m\000\137\000b\000u\000f\000f\000e\000r\000.\000c\000\040\000F\000i\000l\000e\000\040\000R\000e\000f\000e\000r\000e\000n\000c\000e}{chapter.2}% 15
\BOOKMARK [2][-]{subsection.2.4.1}{\376\377\0002\000.\0004\000.\0001\000\040\000F\000u\000n\000c\000t\000i\000o\000n\000\040\000D\000o\000c\000u\000m\000e\000n\000t\000a\000t\000i\000o\000n}{section.2.4}% 16
\BOOKMARK [3][-]{subsubsection.2.4.1.1}{\376\377\0002\000.\0004\000.\0001\000.\0001\000\040\000i\000s\000\137\000b\000u\000f\000\137\000r\000e\000a\000d\000a\000b\000l\000e\000\050\000\051}{subsection.2.4.1}% 17
\BOOKMARK [3][-]{subsubsection.2.4.1.2}{\376\377\0002\000.\0004\000.\0001\000.\0002\000\040\000r\000e\000a\000d\000\137\000f\000r\000o\000m\000\137\000b\000u\000f\000f\000e\000r\000\050\000\051}{subsection.2.4.1}% 18
\BOOKMARK [1][-]{section.2.5}{\376\377\0002\000.\0005\000\040\000s\000e\000r\000v\000e\000r\000/\000c\000l\000o\000c\000k\000/\000c\000h\000e\000c\000k\000\137\000f\000o\000r\000\137\000t\000i\000m\000e\000o\000u\000t\000s\000.\000c\000\040\000F\000i\000l\000e\000\040\000R\000e\000f\000e\000r\000e\000n\000c\000e}{chapter.2}% 19
\BOOKMARK [2][-]{subsection.2.5.1}{\376\377\0002\000.\0005\000.\0001\000\040\000F\000u\000n\000c\000t\000i\000o\000n\000\040\000D\000o\000c\000u\000m\000e\000n\000t\000a\000t\000i\000o\000n}{section.2.5}% 20
\BOOKMARK [3][-]{subsubsection.2.5.1.1}{\376\377\0002\000.\0005\000.\0001\000.\0001\000\040\000c\000h\000e\000c\000k\000\137\000f\000o\000r\000\137\000t\000i\000m\000e\000o\000u\000t\000s\000\050\000\051}{subsection.2.5.1}% 21
\BOOKMARK [1][-]{section.2.6}{\376\377\0002\000.\0006\000\040\000s\000e\000r\000v\000e\000r\000/\000c\000l\000o\000c\000k\000/\000c\000l\000o\000c\000k\000\137\000t\000i\000c\000k\000.\000c\000\040\000F\000i\000l\000e\000\040\000R\000e\000f\000e\000r\000e\000n\000c\000e}{chapter.2}% 22
\BOOKMARK [2][-]{subsection.2.6.1}{\376\377\0002\000.\0006\000.\0001\000\040\000F\000u\000n\000c\000t\000i\000o\000n\000\040\000D\000o\000c\000u\000m\000e\000n\000t\000a\000t\000i\000o\000n}{section.2.6}% 23
\BOOKMARK [3][-]{subsubsection.2.6.1.1}{\376\377\0002\000.\0006\000.\0001\000.\0001\000\040\000c\000l\000o\000c\000k\000\137\000t\000i\000c\000k\000\050\000\051}{subsection.2.6.1}% 24
\BOOKMARK [3][-]{subsubsection.2.6.1.2}{\376\377\0002\000.\0006\000.\0001\000.\0002\000\040\000c\000l\000o\000c\000k\000\137\000t\000i\000c\000k\000\137\000c\000l\000i\000e\000n\000t\000s\000\050\000\051}{subsection.2.6.1}% 25
\BOOKMARK [3][-]{subsubsection.2.6.1.3}{\376\377\0002\000.\0006\000.\0001\000.\0003\000\040\000c\000l\000o\000c\000k\000\137\000t\000i\000c\000k\000\137\000p\000l\000a\000y\000e\000r\000\137\000t\000t\000l\000\050\000\051}{subsection.2.6.1}% 26
\BOOKMARK [3][-]{subsubsection.2.6.1.4}{\376\377\0002\000.\0006\000.\0001\000.\0004\000\040\000c\000l\000o\000c\000k\000\137\000t\000i\000c\000k\000\137\000p\000l\000a\000y\000e\000r\000s\000\050\000\051}{subsection.2.6.1}% 27
\BOOKMARK [1][-]{section.2.7}{\376\377\0002\000.\0007\000\040\000s\000e\000r\000v\000e\000r\000/\000g\000a\000m\000e\000/\000c\000o\000m\000m\000a\000n\000d\000s\000/\000b\000r\000o\000a\000d\000c\000a\000s\000t\000.\000c\000\040\000F\000i\000l\000e\000\040\000R\000e\000f\000e\000r\000e\000n\000c\000e}{chapter.2}% 28
\BOOKMARK [2][-]{subsection.2.7.1}{\376\377\0002\000.\0007\000.\0001\000\040\000F\000u\000n\000c\000t\000i\000o\000n\000\040\000D\000o\000c\000u\000m\000e\000n\000t\000a\000t\000i\000o\000n}{section.2.7}% 29
\BOOKMARK [3][-]{subsubsection.2.7.1.1}{\376\377\0002\000.\0007\000.\0001\000.\0001\000\040\000c\000m\000d\000\137\000b\000r\000o\000a\000d\000c\000a\000s\000t\000\050\000\051}{subsection.2.7.1}% 30
\BOOKMARK [3][-]{subsubsection.2.7.1.2}{\376\377\0002\000.\0007\000.\0001\000.\0002\000\040\000c\000o\000n\000v\000e\000r\000t\000\137\000a\000n\000g\000l\000e\000\137\000t\000o\000\137\000n\000u\000m\000\050\000\051}{subsection.2.7.1}% 31
\BOOKMARK [3][-]{subsubsection.2.7.1.3}{\376\377\0002\000.\0007\000.\0001\000.\0003\000\040\000g\000e\000t\000\137\000a\000n\000g\000l\000e\000\050\000\051}{subsection.2.7.1}% 32
\BOOKMARK [3][-]{subsubsection.2.7.1.4}{\376\377\0002\000.\0007\000.\0001\000.\0004\000\040\000g\000e\000t\000\137\000o\000r\000i\000g\000i\000n\000\050\000\051}{subsection.2.7.1}% 33
\BOOKMARK [3][-]{subsubsection.2.7.1.5}{\376\377\0002\000.\0007\000.\0001\000.\0005\000\040\000g\000e\000t\000\137\000t\000r\000a\000j\000\050\000\051}{subsection.2.7.1}% 34
\BOOKMARK [1][-]{section.2.8}{\376\377\0002\000.\0008\000\040\000s\000e\000r\000v\000e\000r\000/\000g\000a\000m\000e\000/\000c\000o\000m\000m\000a\000n\000d\000s\000/\000c\000o\000m\000m\000a\000n\000d\000\137\000l\000i\000s\000t\000.\000c\000\040\000F\000i\000l\000e\000\040\000R\000e\000f\000e\000r\000e\000n\000c\000e}{chapter.2}% 35
\BOOKMARK [2][-]{subsection.2.8.1}{\376\377\0002\000.\0008\000.\0001\000\040\000V\000a\000r\000i\000a\000b\000l\000e\000\040\000D\000o\000c\000u\000m\000e\000n\000t\000a\000t\000i\000o\000n}{section.2.8}% 36
\BOOKMARK [3][-]{subsubsection.2.8.1.1}{\376\377\0002\000.\0008\000.\0001\000.\0001\000\040\000c\000o\000m\000m\000a\000n\000d\000\137\000l\000i\000s\000t}{subsection.2.8.1}% 37
\BOOKMARK [1][-]{section.2.9}{\376\377\0002\000.\0009\000\040\000s\000e\000r\000v\000e\000r\000/\000g\000a\000m\000e\000/\000c\000o\000m\000m\000a\000n\000d\000s\000/\000c\000o\000n\000n\000e\000c\000t\000\137\000n\000b\000r\000.\000c\000\040\000F\000i\000l\000e\000\040\000R\000e\000f\000e\000r\000e\000n\000c\000e}{chapter.2}% 38
\BOOKMARK [2][-]{subsection.2.9.1}{\376\377\0002\000.\0009\000.\0001\000\040\000F\000u\000n\000c\000t\000i\000o\000n\000\040\000D\000o\000c\000u\000m\000e\000n\000t\000a\000t\000i\000o\000n}{section.2.9}% 39
\BOOKMARK [3][-]{subsubsection.2.9.1.1}{\376\377\0002\000.\0009\000.\0001\000.\0001\000\040\000c\000m\000d\000\137\000c\000o\000n\000n\000e\000c\000t\000\137\000n\000b\000r\000\050\000\051}{subsection.2.9.1}% 40
\BOOKMARK [1][-]{section.2.10}{\376\377\0002\000.\0001\0000\000\040\000s\000e\000r\000v\000e\000r\000/\000g\000a\000m\000e\000/\000c\000o\000m\000m\000a\000n\000d\000s\000/\000e\000j\000e\000c\000t\000.\000c\000\040\000F\000i\000l\000e\000\040\000R\000e\000f\000e\000r\000e\000n\000c\000e}{chapter.2}% 41
\BOOKMARK [2][-]{subsection.2.10.1}{\376\377\0002\000.\0001\0000\000.\0001\000\040\000F\000u\000n\000c\000t\000i\000o\000n\000\040\000D\000o\000c\000u\000m\000e\000n\000t\000a\000t\000i\000o\000n}{section.2.10}% 42
\BOOKMARK [3][-]{subsubsection.2.10.1.1}{\376\377\0002\000.\0001\0000\000.\0001\000.\0001\000\040\000c\000m\000d\000\137\000e\000j\000e\000c\000t\000\050\000\051}{subsection.2.10.1}% 43
\BOOKMARK [3][-]{subsubsection.2.10.1.2}{\376\377\0002\000.\0001\0000\000.\0001\000.\0002\000\040\000d\000i\000r\000\137\000t\000o\000\137\000s\000t\000r\000\050\000\051}{subsection.2.10.1}% 44
\BOOKMARK [3][-]{subsubsection.2.10.1.3}{\376\377\0002\000.\0001\0000\000.\0001\000.\0003\000\040\000i\000n\000i\000t\000\137\000e\000j\000e\000c\000t\000\137\000m\000s\000g\000\050\000\051}{subsection.2.10.1}% 45
\BOOKMARK [1][-]{section.2.11}{\376\377\0002\000.\0001\0001\000\040\000s\000e\000r\000v\000e\000r\000/\000g\000a\000m\000e\000/\000c\000o\000m\000m\000a\000n\000d\000s\000/\000f\000o\000r\000k\000.\000c\000\040\000F\000i\000l\000e\000\040\000R\000e\000f\000e\000r\000e\000n\000c\000e}{chapter.2}% 46
\BOOKMARK [2][-]{subsection.2.11.1}{\376\377\0002\000.\0001\0001\000.\0001\000\040\000F\000u\000n\000c\000t\000i\000o\000n\000\040\000D\000o\000c\000u\000m\000e\000n\000t\000a\000t\000i\000o\000n}{section.2.11}% 47
\BOOKMARK [3][-]{subsubsection.2.11.1.1}{\376\377\0002\000.\0001\0001\000.\0001\000.\0001\000\040\000c\000m\000d\000\137\000f\000o\000r\000k\000\050\000\051}{subsection.2.11.1}% 48
\BOOKMARK [1][-]{section.2.12}{\376\377\0002\000.\0001\0002\000\040\000s\000e\000r\000v\000e\000r\000/\000g\000a\000m\000e\000/\000c\000o\000m\000m\000a\000n\000d\000s\000/\000i\000n\000c\000a\000n\000t\000a\000t\000i\000o\000n\000.\000c\000\040\000F\000i\000l\000e\000\040\000R\000e\000f\000e\000r\000e\000n\000c\000e}{chapter.2}% 49
\BOOKMARK [2][-]{subsection.2.12.1}{\376\377\0002\000.\0001\0002\000.\0001\000\040\000F\000u\000n\000c\000t\000i\000o\000n\000\040\000D\000o\000c\000u\000m\000e\000n\000t\000a\000t\000i\000o\000n}{section.2.12}% 50
\BOOKMARK [3][-]{subsubsection.2.12.1.1}{\376\377\0002\000.\0001\0002\000.\0001\000.\0001\000\040\000c\000h\000e\000c\000k\000\137\000i\000f\000\137\000r\000i\000t\000u\000a\000l\000\137\000r\000e\000q\000\137\000m\000e\000t\000\050\000\051}{subsection.2.12.1}% 51
\BOOKMARK [3][-]{subsubsection.2.12.1.2}{\376\377\0002\000.\0001\0002\000.\0001\000.\0002\000\040\000c\000m\000d\000\137\000i\000n\000c\000a\000n\000t\000a\000t\000i\000o\000n\000\050\000\051}{subsection.2.12.1}% 52
\BOOKMARK [3][-]{subsubsection.2.12.1.3}{\376\377\0002\000.\0001\0002\000.\0001\000.\0003\000\040\000s\000e\000n\000d\000\137\000k\000o\000\137\000t\000o\000\137\000r\000i\000t\000u\000a\000l\000\137\000p\000l\000a\000y\000e\000r\000s\000\050\000\051}{subsection.2.12.1}% 53
\BOOKMARK [3][-]{subsubsection.2.12.1.4}{\376\377\0002\000.\0001\0002\000.\0001\000.\0004\000\040\000u\000p\000g\000r\000a\000d\000e\000\137\000r\000i\000t\000u\000a\000l\000\137\000p\000l\000a\000y\000e\000r\000s\000\050\000\051}{subsection.2.12.1}% 54
\BOOKMARK [2][-]{subsection.2.12.2}{\376\377\0002\000.\0001\0002\000.\0002\000\040\000V\000a\000r\000i\000a\000b\000l\000e\000\040\000D\000o\000c\000u\000m\000e\000n\000t\000a\000t\000i\000o\000n}{section.2.12}% 55
\BOOKMARK [3][-]{subsubsection.2.12.2.1}{\376\377\0002\000.\0001\0002\000.\0002\000.\0001\000\040\000r\000i\000t\000u\000a\000l\000\137\000d\000a\000t\000a}{subsection.2.12.2}% 56
\BOOKMARK [1][-]{section.2.13}{\376\377\0002\000.\0001\0003\000\040\000s\000e\000r\000v\000e\000r\000/\000g\000a\000m\000e\000/\000c\000o\000m\000m\000a\000n\000d\000s\000/\000i\000n\000v\000e\000n\000t\000o\000r\000y\000.\000c\000\040\000F\000i\000l\000e\000\040\000R\000e\000f\000e\000r\000e\000n\000c\000e}{chapter.2}% 57
\BOOKMARK [2][-]{subsection.2.13.1}{\376\377\0002\000.\0001\0003\000.\0001\000\040\000F\000u\000n\000c\000t\000i\000o\000n\000\040\000D\000o\000c\000u\000m\000e\000n\000t\000a\000t\000i\000o\000n}{section.2.13}% 58
\BOOKMARK [3][-]{subsubsection.2.13.1.1}{\376\377\0002\000.\0001\0003\000.\0001\000.\0001\000\040\000c\000m\000d\000\137\000i\000n\000v\000e\000n\000t\000o\000r\000y\000\050\000\051}{subsection.2.13.1}% 59
\BOOKMARK [1][-]{section.2.14}{\376\377\0002\000.\0001\0004\000\040\000s\000e\000r\000v\000e\000r\000/\000g\000a\000m\000e\000/\000c\000o\000m\000m\000a\000n\000d\000s\000/\000l\000o\000o\000k\000.\000c\000\040\000F\000i\000l\000e\000\040\000R\000e\000f\000e\000r\000e\000n\000c\000e}{chapter.2}% 60
\BOOKMARK [2][-]{subsection.2.14.1}{\376\377\0002\000.\0001\0004\000.\0001\000\040\000F\000u\000n\000c\000t\000i\000o\000n\000\040\000D\000o\000c\000u\000m\000e\000n\000t\000a\000t\000i\000o\000n}{section.2.14}% 61
\BOOKMARK [3][-]{subsubsection.2.14.1.1}{\376\377\0002\000.\0001\0004\000.\0001\000.\0001\000\040\000c\000m\000d\000\137\000l\000o\000o\000k\000\050\000\051}{subsection.2.14.1}% 62
\BOOKMARK [3][-]{subsubsection.2.14.1.2}{\376\377\0002\000.\0001\0004\000.\0001\000.\0002\000\040\000f\000i\000l\000l\000\137\000r\000e\000s\000p\000\137\000l\000o\000o\000k\000\050\000\051}{subsection.2.14.1}% 63
\BOOKMARK [3][-]{subsubsection.2.14.1.3}{\376\377\0002\000.\0001\0004\000.\0001\000.\0003\000\040\000f\000i\000l\000l\000\137\000r\000e\000s\000p\000\137\000l\000o\000o\000k\000\137\000r\000o\000w\000\050\000\051}{subsection.2.14.1}% 64
\BOOKMARK [1][-]{section.2.15}{\376\377\0002\000.\0001\0005\000\040\000s\000e\000r\000v\000e\000r\000/\000g\000a\000m\000e\000/\000c\000o\000m\000m\000a\000n\000d\000s\000/\000l\000o\000o\000k\000\137\000t\000i\000l\000e\000.\000c\000\040\000F\000i\000l\000e\000\040\000R\000e\000f\000e\000r\000e\000n\000c\000e}{chapter.2}% 65
\BOOKMARK [2][-]{subsection.2.15.1}{\376\377\0002\000.\0001\0005\000.\0001\000\040\000F\000u\000n\000c\000t\000i\000o\000n\000\040\000D\000o\000c\000u\000m\000e\000n\000t\000a\000t\000i\000o\000n}{section.2.15}% 66
\BOOKMARK [3][-]{subsubsection.2.15.1.1}{\376\377\0002\000.\0001\0005\000.\0001\000.\0001\000\040\000l\000o\000o\000k\000\137\000p\000r\000i\000n\000t\000\050\000\051}{subsection.2.15.1}% 67
\BOOKMARK [3][-]{subsubsection.2.15.1.2}{\376\377\0002\000.\0001\0005\000.\0001\000.\0002\000\040\000l\000o\000o\000k\000\137\000p\000r\000i\000n\000t\000\137\000p\000l\000a\000y\000e\000r\000\050\000\051}{subsection.2.15.1}% 68
\BOOKMARK [3][-]{subsubsection.2.15.1.3}{\376\377\0002\000.\0001\0005\000.\0001\000.\0003\000\040\000l\000o\000o\000k\000\137\000t\000i\000l\000e\000\050\000\051}{subsection.2.15.1}% 69
\BOOKMARK [1][-]{section.2.16}{\376\377\0002\000.\0001\0006\000\040\000s\000e\000r\000v\000e\000r\000/\000g\000a\000m\000e\000/\000c\000o\000m\000m\000a\000n\000d\000s\000/\000m\000o\000v\000e\000.\000c\000\040\000F\000i\000l\000e\000\040\000R\000e\000f\000e\000r\000e\000n\000c\000e}{chapter.2}% 70
\BOOKMARK [2][-]{subsection.2.16.1}{\376\377\0002\000.\0001\0006\000.\0001\000\040\000F\000u\000n\000c\000t\000i\000o\000n\000\040\000D\000o\000c\000u\000m\000e\000n\000t\000a\000t\000i\000o\000n}{section.2.16}% 71
\BOOKMARK [3][-]{subsubsection.2.16.1.1}{\376\377\0002\000.\0001\0006\000.\0001\000.\0001\000\040\000c\000m\000d\000\137\000f\000o\000r\000w\000a\000r\000d\000\050\000\051}{subsection.2.16.1}% 72
\BOOKMARK [3][-]{subsubsection.2.16.1.2}{\376\377\0002\000.\0001\0006\000.\0001\000.\0002\000\040\000c\000m\000d\000\137\000l\000e\000f\000t\000\050\000\051}{subsection.2.16.1}% 73
\BOOKMARK [3][-]{subsubsection.2.16.1.3}{\376\377\0002\000.\0001\0006\000.\0001\000.\0003\000\040\000c\000m\000d\000\137\000r\000i\000g\000h\000t\000\050\000\051}{subsection.2.16.1}% 74
\BOOKMARK [1][-]{section.2.17}{\376\377\0002\000.\0001\0007\000\040\000s\000e\000r\000v\000e\000r\000/\000g\000a\000m\000e\000/\000c\000o\000m\000m\000a\000n\000d\000s\000/\000t\000a\000k\000e\000\137\000s\000e\000t\000.\000c\000\040\000F\000i\000l\000e\000\040\000R\000e\000f\000e\000r\000e\000n\000c\000e}{chapter.2}% 75
\BOOKMARK [2][-]{subsection.2.17.1}{\376\377\0002\000.\0001\0007\000.\0001\000\040\000F\000u\000n\000c\000t\000i\000o\000n\000\040\000D\000o\000c\000u\000m\000e\000n\000t\000a\000t\000i\000o\000n}{section.2.17}% 76
\BOOKMARK [3][-]{subsubsection.2.17.1.1}{\376\377\0002\000.\0001\0007\000.\0001\000.\0001\000\040\000c\000m\000d\000\137\000s\000e\000t\000\050\000\051}{subsection.2.17.1}% 77
\BOOKMARK [3][-]{subsubsection.2.17.1.2}{\376\377\0002\000.\0001\0007\000.\0001\000.\0002\000\040\000c\000m\000d\000\137\000t\000a\000k\000e\000\050\000\051}{subsection.2.17.1}% 78
\BOOKMARK [1][-]{section.2.18}{\376\377\0002\000.\0001\0008\000\040\000s\000e\000r\000v\000e\000r\000/\000g\000a\000m\000e\000/\000i\000n\000v\000e\000n\000t\000o\000r\000y\000/\000c\000h\000e\000c\000k\000\137\000r\000i\000t\000u\000a\000l\000\137\000r\000e\000s\000o\000u\000r\000c\000e\000s\000.\000c\000\040\000F\000i\000l\000e\000\040\000R\000e\000f\000e\000r\000e\000n\000c\000e}{chapter.2}% 79
\BOOKMARK [2][-]{subsection.2.18.1}{\376\377\0002\000.\0001\0008\000.\0001\000\040\000F\000u\000n\000c\000t\000i\000o\000n\000\040\000D\000o\000c\000u\000m\000e\000n\000t\000a\000t\000i\000o\000n}{section.2.18}% 80
\BOOKMARK [3][-]{subsubsection.2.18.1.1}{\376\377\0002\000.\0001\0008\000.\0001\000.\0001\000\040\000c\000h\000e\000c\000k\000\137\000r\000i\000t\000u\000a\000l\000\137\000r\000e\000s\000o\000u\000r\000c\000e\000s\000\050\000\051}{subsection.2.18.1}% 81
\BOOKMARK [1][-]{section.2.19}{\376\377\0002\000.\0001\0009\000\040\000s\000e\000r\000v\000e\000r\000/\000g\000a\000m\000e\000/\000i\000n\000v\000e\000n\000t\000o\000r\000y\000/\000g\000e\000t\000\137\000r\000e\000s\000o\000u\000r\000c\000e\000.\000c\000\040\000F\000i\000l\000e\000\040\000R\000e\000f\000e\000r\000e\000n\000c\000e}{chapter.2}% 82
\BOOKMARK [2][-]{subsection.2.19.1}{\376\377\0002\000.\0001\0009\000.\0001\000\040\000F\000u\000n\000c\000t\000i\000o\000n\000\040\000D\000o\000c\000u\000m\000e\000n\000t\000a\000t\000i\000o\000n}{section.2.19}% 83
\BOOKMARK [3][-]{subsubsection.2.19.1.1}{\376\377\0002\000.\0001\0009\000.\0001\000.\0001\000\040\000g\000e\000t\000\137\000r\000a\000n\000d\000o\000m\000\137\000r\000e\000s\000o\000u\000r\000c\000e\000\050\000\051}{subsection.2.19.1}% 84
\BOOKMARK [3][-]{subsubsection.2.19.1.2}{\376\377\0002\000.\0001\0009\000.\0001\000.\0002\000\040\000g\000e\000t\000\137\000r\000e\000s\000o\000u\000r\000c\000e\000\137\000f\000r\000o\000m\000\137\000s\000t\000r\000\050\000\051}{subsection.2.19.1}% 85
\BOOKMARK [1][-]{section.2.20}{\376\377\0002\000.\0002\0000\000\040\000s\000e\000r\000v\000e\000r\000/\000g\000a\000m\000e\000/\000i\000n\000v\000e\000n\000t\000o\000r\000y\000/\000t\000r\000a\000n\000s\000f\000e\000r\000\137\000i\000t\000e\000m\000.\000c\000\040\000F\000i\000l\000e\000\040\000R\000e\000f\000e\000r\000e\000n\000c\000e}{chapter.2}% 86
\BOOKMARK [2][-]{subsection.2.20.1}{\376\377\0002\000.\0002\0000\000.\0001\000\040\000F\000u\000n\000c\000t\000i\000o\000n\000\040\000D\000o\000c\000u\000m\000e\000n\000t\000a\000t\000i\000o\000n}{section.2.20}% 87
\BOOKMARK [3][-]{subsubsection.2.20.1.1}{\376\377\0002\000.\0002\0000\000.\0001\000.\0001\000\040\000a\000d\000d\000\137\000r\000e\000s\000o\000u\000r\000c\000e\000\137\000t\000o\000\137\000i\000n\000v\000e\000n\000t\000o\000r\000y\000\050\000\051}{subsection.2.20.1}% 88
\BOOKMARK [3][-]{subsubsection.2.20.1.2}{\376\377\0002\000.\0002\0000\000.\0001\000.\0002\000\040\000d\000e\000l\000\137\000r\000e\000s\000o\000u\000r\000c\000e\000\137\000f\000r\000o\000m\000\137\000i\000n\000v\000e\000n\000t\000o\000r\000y\000\050\000\051}{subsection.2.20.1}% 89
\BOOKMARK [3][-]{subsubsection.2.20.1.3}{\376\377\0002\000.\0002\0000\000.\0001\000.\0003\000\040\000t\000r\000a\000n\000s\000f\000e\000r\000\137\000i\000t\000e\000m\000\050\000\051}{subsection.2.20.1}% 90
\BOOKMARK [1][-]{section.2.21}{\376\377\0002\000.\0002\0001\000\040\000s\000e\000r\000v\000e\000r\000/\000g\000a\000m\000e\000/\000l\000o\000g\000/\000h\000a\000t\000c\000h\000\137\000l\000o\000g\000.\000c\000\040\000F\000i\000l\000e\000\040\000R\000e\000f\000e\000r\000e\000n\000c\000e}{chapter.2}% 91
\BOOKMARK [2][-]{subsection.2.21.1}{\376\377\0002\000.\0002\0001\000.\0001\000\040\000F\000u\000n\000c\000t\000i\000o\000n\000\040\000D\000o\000c\000u\000m\000e\000n\000t\000a\000t\000i\000o\000n}{section.2.21}% 92
\BOOKMARK [3][-]{subsubsection.2.21.1.1}{\376\377\0002\000.\0002\0001\000.\0001\000.\0001\000\040\000h\000a\000t\000c\000h\000\137\000l\000o\000g\000\050\000\051}{subsection.2.21.1}% 93
\BOOKMARK [1][-]{section.2.22}{\376\377\0002\000.\0002\0002\000\040\000s\000e\000r\000v\000e\000r\000/\000g\000a\000m\000e\000/\000l\000o\000g\000/\000i\000n\000c\000a\000n\000t\000a\000t\000i\000o\000n\000\137\000l\000o\000g\000.\000c\000\040\000F\000i\000l\000e\000\040\000R\000e\000f\000e\000r\000e\000n\000c\000e}{chapter.2}% 94
\BOOKMARK [2][-]{subsection.2.22.1}{\376\377\0002\000.\0002\0002\000.\0001\000\040\000F\000u\000n\000c\000t\000i\000o\000n\000\040\000D\000o\000c\000u\000m\000e\000n\000t\000a\000t\000i\000o\000n}{section.2.22}% 95
\BOOKMARK [3][-]{subsubsection.2.22.1.1}{\376\377\0002\000.\0002\0002\000.\0001\000.\0001\000\040\000i\000n\000c\000a\000n\000t\000a\000t\000i\000o\000n\000\137\000e\000n\000d\000\137\000l\000o\000g\000\050\000\051}{subsection.2.22.1}% 96
\BOOKMARK [3][-]{subsubsection.2.22.1.2}{\376\377\0002\000.\0002\0002\000.\0001\000.\0002\000\040\000i\000n\000c\000a\000n\000t\000a\000t\000i\000o\000n\000\137\000s\000t\000a\000r\000t\000\137\000l\000o\000g\000\050\000\051}{subsection.2.22.1}% 97
\BOOKMARK [1][-]{section.2.23}{\376\377\0002\000.\0002\0003\000\040\000s\000e\000r\000v\000e\000r\000/\000g\000a\000m\000e\000/\000l\000o\000g\000/\000k\000i\000l\000l\000\137\000l\000o\000g\000.\000c\000\040\000F\000i\000l\000e\000\040\000R\000e\000f\000e\000r\000e\000n\000c\000e}{chapter.2}% 98
\BOOKMARK [2][-]{subsection.2.23.1}{\376\377\0002\000.\0002\0003\000.\0001\000\040\000F\000u\000n\000c\000t\000i\000o\000n\000\040\000D\000o\000c\000u\000m\000e\000n\000t\000a\000t\000i\000o\000n}{section.2.23}% 99
\BOOKMARK [3][-]{subsubsection.2.23.1.1}{\376\377\0002\000.\0002\0003\000.\0001\000.\0001\000\040\000k\000i\000l\000l\000\137\000l\000o\000g\000\050\000\051}{subsection.2.23.1}% 100
\BOOKMARK [1][-]{section.2.24}{\376\377\0002\000.\0002\0004\000\040\000s\000e\000r\000v\000e\000r\000/\000g\000a\000m\000e\000/\000l\000o\000g\000/\000m\000o\000v\000e\000\137\000l\000o\000g\000.\000c\000\040\000F\000i\000l\000e\000\040\000R\000e\000f\000e\000r\000e\000n\000c\000e}{chapter.2}% 101
\BOOKMARK [2][-]{subsection.2.24.1}{\376\377\0002\000.\0002\0004\000.\0001\000\040\000F\000u\000n\000c\000t\000i\000o\000n\000\040\000D\000o\000c\000u\000m\000e\000n\000t\000a\000t\000i\000o\000n}{section.2.24}% 102
\BOOKMARK [3][-]{subsubsection.2.24.1.1}{\376\377\0002\000.\0002\0004\000.\0001\000.\0001\000\040\000d\000i\000r\000\137\000l\000o\000g\000\050\000\051}{subsection.2.24.1}% 103
\BOOKMARK [3][-]{subsubsection.2.24.1.2}{\376\377\0002\000.\0002\0004\000.\0001\000.\0002\000\040\000f\000o\000r\000w\000a\000r\000d\000\137\000l\000o\000g\000\050\000\051}{subsection.2.24.1}% 104
\BOOKMARK [1][-]{section.2.25}{\376\377\0002\000.\0002\0005\000\040\000s\000e\000r\000v\000e\000r\000/\000g\000a\000m\000e\000/\000l\000o\000g\000/\000s\000p\000a\000w\000n\000\137\000l\000o\000g\000.\000c\000\040\000F\000i\000l\000e\000\040\000R\000e\000f\000e\000r\000e\000n\000c\000e}{chapter.2}% 105
\BOOKMARK [2][-]{subsection.2.25.1}{\376\377\0002\000.\0002\0005\000.\0001\000\040\000F\000u\000n\000c\000t\000i\000o\000n\000\040\000D\000o\000c\000u\000m\000e\000n\000t\000a\000t\000i\000o\000n}{section.2.25}% 106
\BOOKMARK [3][-]{subsubsection.2.25.1.1}{\376\377\0002\000.\0002\0005\000.\0001\000.\0001\000\040\000s\000p\000a\000w\000n\000\137\000p\000l\000a\000y\000e\000r\000\137\000l\000o\000g\000\050\000\051}{subsection.2.25.1}% 107
\BOOKMARK [3][-]{subsubsection.2.25.1.2}{\376\377\0002\000.\0002\0005\000.\0001\000.\0002\000\040\000s\000p\000a\000w\000n\000\137\000r\000e\000s\000o\000u\000r\000c\000e\000\137\000l\000o\000g\000\050\000\051}{subsection.2.25.1}% 108
\BOOKMARK [1][-]{section.2.26}{\376\377\0002\000.\0002\0006\000\040\000s\000e\000r\000v\000e\000r\000/\000g\000a\000m\000e\000/\000l\000o\000g\000/\000t\000a\000k\000e\000\137\000l\000o\000g\000.\000c\000\040\000F\000i\000l\000e\000\040\000R\000e\000f\000e\000r\000e\000n\000c\000e}{chapter.2}% 109
\BOOKMARK [2][-]{subsection.2.26.1}{\376\377\0002\000.\0002\0006\000.\0001\000\040\000F\000u\000n\000c\000t\000i\000o\000n\000\040\000D\000o\000c\000u\000m\000e\000n\000t\000a\000t\000i\000o\000n}{section.2.26}% 110
\BOOKMARK [3][-]{subsubsection.2.26.1.1}{\376\377\0002\000.\0002\0006\000.\0001\000.\0001\000\040\000t\000a\000k\000e\000\137\000l\000o\000g\000\050\000\051}{subsection.2.26.1}% 111
\BOOKMARK [3][-]{subsubsection.2.26.1.2}{\376\377\0002\000.\0002\0006\000.\0001\000.\0002\000\040\000t\000a\000k\000e\000\137\000l\000o\000g\000\137\000i\000n\000v\000e\000n\000t\000o\000r\000y\000\050\000\051}{subsection.2.26.1}% 112
\BOOKMARK [1][-]{section.2.27}{\376\377\0002\000.\0002\0007\000\040\000s\000e\000r\000v\000e\000r\000/\000g\000a\000m\000e\000/\000m\000a\000p\000/\000a\000d\000d\000\137\000p\000l\000a\000y\000e\000r\000\137\000t\000o\000\137\000t\000i\000l\000e\000.\000c\000\040\000F\000i\000l\000e\000\040\000R\000e\000f\000e\000r\000e\000n\000c\000e}{chapter.2}% 113
\BOOKMARK [2][-]{subsection.2.27.1}{\376\377\0002\000.\0002\0007\000.\0001\000\040\000F\000u\000n\000c\000t\000i\000o\000n\000\040\000D\000o\000c\000u\000m\000e\000n\000t\000a\000t\000i\000o\000n}{section.2.27}% 114
\BOOKMARK [3][-]{subsubsection.2.27.1.1}{\376\377\0002\000.\0002\0007\000.\0001\000.\0001\000\040\000a\000p\000p\000e\000n\000d\000\137\000t\000o\000\137\000t\000i\000l\000e\000\137\000p\000l\000a\000y\000e\000r\000\137\000l\000i\000s\000t\000\050\000\051}{subsection.2.27.1}% 115
\BOOKMARK [1][-]{section.2.28}{\376\377\0002\000.\0002\0008\000\040\000s\000e\000r\000v\000e\000r\000/\000g\000a\000m\000e\000/\000m\000a\000p\000/\000g\000e\000t\000\137\000d\000i\000r\000.\000c\000\040\000F\000i\000l\000e\000\040\000R\000e\000f\000e\000r\000e\000n\000c\000e}{chapter.2}% 116
\BOOKMARK [2][-]{subsection.2.28.1}{\376\377\0002\000.\0002\0008\000.\0001\000\040\000F\000u\000n\000c\000t\000i\000o\000n\000\040\000D\000o\000c\000u\000m\000e\000n\000t\000a\000t\000i\000o\000n}{section.2.28}% 117
\BOOKMARK [3][-]{subsubsection.2.28.1.1}{\376\377\0002\000.\0002\0008\000.\0001\000.\0001\000\040\000g\000e\000t\000\137\000d\000i\000r\000\137\000t\000o\000\137\000l\000e\000f\000t\000\050\000\051}{subsection.2.28.1}% 118
\BOOKMARK [3][-]{subsubsection.2.28.1.2}{\376\377\0002\000.\0002\0008\000.\0001\000.\0002\000\040\000g\000e\000t\000\137\000d\000i\000r\000\137\000t\000o\000\137\000r\000i\000g\000h\000t\000\050\000\051}{subsection.2.28.1}% 119
\BOOKMARK [1][-]{section.2.29}{\376\377\0002\000.\0002\0009\000\040\000s\000e\000r\000v\000e\000r\000/\000g\000a\000m\000e\000/\000m\000a\000p\000/\000g\000e\000t\000\137\000n\000b\000r\000\137\000p\000l\000a\000y\000e\000r\000s\000.\000c\000\040\000F\000i\000l\000e\000\040\000R\000e\000f\000e\000r\000e\000n\000c\000e}{chapter.2}% 120
\BOOKMARK [2][-]{subsection.2.29.1}{\376\377\0002\000.\0002\0009\000.\0001\000\040\000F\000u\000n\000c\000t\000i\000o\000n\000\040\000D\000o\000c\000u\000m\000e\000n\000t\000a\000t\000i\000o\000n}{section.2.29}% 121
\BOOKMARK [3][-]{subsubsection.2.29.1.1}{\376\377\0002\000.\0002\0009\000.\0001\000.\0001\000\040\000g\000e\000t\000\137\000n\000b\000r\000\137\000p\000l\000a\000y\000e\000r\000s\000\137\000o\000f\000\137\000l\000v\000l\000\137\000o\000n\000\137\000t\000i\000l\000e\000\050\000\051}{subsection.2.29.1}% 122
\BOOKMARK [3][-]{subsubsection.2.29.1.2}{\376\377\0002\000.\0002\0009\000.\0001\000.\0002\000\040\000g\000e\000t\000\137\000n\000b\000r\000\137\000p\000l\000a\000y\000e\000r\000s\000\137\000o\000n\000\137\000t\000i\000l\000e\000\050\000\051}{subsection.2.29.1}% 123
\BOOKMARK [1][-]{section.2.30}{\376\377\0002\000.\0003\0000\000\040\000s\000e\000r\000v\000e\000r\000/\000g\000a\000m\000e\000/\000t\000e\000a\000m\000/\000g\000e\000t\000\137\000n\000b\000r\000\137\000p\000l\000a\000y\000e\000r\000s\000.\000c\000\040\000F\000i\000l\000e\000\040\000R\000e\000f\000e\000r\000e\000n\000c\000e}{chapter.2}% 124
\BOOKMARK [2][-]{subsection.2.30.1}{\376\377\0002\000.\0003\0000\000.\0001\000\040\000F\000u\000n\000c\000t\000i\000o\000n\000\040\000D\000o\000c\000u\000m\000e\000n\000t\000a\000t\000i\000o\000n}{section.2.30}% 125
\BOOKMARK [3][-]{subsubsection.2.30.1.1}{\376\377\0002\000.\0003\0000\000.\0001\000.\0001\000\040\000g\000e\000t\000\137\000t\000e\000a\000m\000\137\000n\000b\000r\000\137\000p\000l\000a\000y\000e\000r\000s\000\050\000\051}{subsection.2.30.1}% 126
\BOOKMARK [3][-]{subsubsection.2.30.1.2}{\376\377\0002\000.\0003\0000\000.\0001\000.\0002\000\040\000g\000e\000t\000\137\000t\000e\000a\000m\000\137\000n\000b\000r\000\137\000p\000l\000a\000y\000e\000r\000s\000\137\000f\000r\000e\000e\000\050\000\051}{subsection.2.30.1}% 127
\BOOKMARK [3][-]{subsubsection.2.30.1.3}{\376\377\0002\000.\0003\0000\000.\0001\000.\0003\000\040\000g\000e\000t\000\137\000t\000e\000a\000m\000\137\000n\000b\000r\000\137\000p\000l\000a\000y\000e\000r\000s\000\137\000n\000o\000t\000\137\000f\000r\000e\000e\000\050\000\051}{subsection.2.30.1}% 128
\BOOKMARK [1][-]{section.2.31}{\376\377\0002\000.\0003\0001\000\040\000s\000e\000r\000v\000e\000r\000/\000g\000a\000m\000e\000/\000m\000a\000p\000/\000g\000e\000t\000\137\000p\000l\000a\000y\000e\000r\000.\000c\000\040\000F\000i\000l\000e\000\040\000R\000e\000f\000e\000r\000e\000n\000c\000e}{chapter.2}% 129
\BOOKMARK [2][-]{subsection.2.31.1}{\376\377\0002\000.\0003\0001\000.\0001\000\040\000F\000u\000n\000c\000t\000i\000o\000n\000\040\000D\000o\000c\000u\000m\000e\000n\000t\000a\000t\000i\000o\000n}{section.2.31}% 130
\BOOKMARK [3][-]{subsubsection.2.31.1.1}{\376\377\0002\000.\0003\0001\000.\0001\000.\0001\000\040\000g\000e\000t\000\137\000l\000a\000s\000t\000\137\000t\000i\000l\000e\000\137\000p\000l\000a\000y\000e\000r\000\050\000\051}{subsection.2.31.1}% 131
\BOOKMARK [1][-]{section.2.32}{\376\377\0002\000.\0003\0002\000\040\000s\000e\000r\000v\000e\000r\000/\000g\000a\000m\000e\000/\000t\000e\000a\000m\000/\000g\000e\000t\000\137\000p\000l\000a\000y\000e\000r\000.\000c\000\040\000F\000i\000l\000e\000\040\000R\000e\000f\000e\000r\000e\000n\000c\000e}{chapter.2}% 132
\BOOKMARK [2][-]{subsection.2.32.1}{\376\377\0002\000.\0003\0002\000.\0001\000\040\000F\000u\000n\000c\000t\000i\000o\000n\000\040\000D\000o\000c\000u\000m\000e\000n\000t\000a\000t\000i\000o\000n}{section.2.32}% 133
\BOOKMARK [3][-]{subsubsection.2.32.1.1}{\376\377\0002\000.\0003\0002\000.\0001\000.\0001\000\040\000g\000e\000t\000\137\000l\000a\000s\000t\000\137\000t\000e\000a\000m\000\137\000p\000l\000a\000y\000e\000r\000\050\000\051}{subsection.2.32.1}% 134
\BOOKMARK [1][-]{section.2.33}{\376\377\0002\000.\0003\0003\000\040\000s\000e\000r\000v\000e\000r\000/\000g\000a\000m\000e\000/\000m\000a\000p\000/\000g\000e\000t\000\137\000t\000i\000l\000e\000.\000c\000\040\000F\000i\000l\000e\000\040\000R\000e\000f\000e\000r\000e\000n\000c\000e}{chapter.2}% 135
\BOOKMARK [2][-]{subsection.2.33.1}{\376\377\0002\000.\0003\0003\000.\0001\000\040\000F\000u\000n\000c\000t\000i\000o\000n\000\040\000D\000o\000c\000u\000m\000e\000n\000t\000a\000t\000i\000o\000n}{section.2.33}% 136
\BOOKMARK [3][-]{subsubsection.2.33.1.1}{\376\377\0002\000.\0003\0003\000.\0001\000.\0001\000\040\000g\000e\000t\000\137\000r\000a\000n\000d\000o\000m\000\137\000t\000i\000l\000e\000\050\000\051}{subsection.2.33.1}% 137
\BOOKMARK [3][-]{subsubsection.2.33.1.2}{\376\377\0002\000.\0003\0003\000.\0001\000.\0002\000\040\000g\000e\000t\000\137\000t\000i\000l\000e\000\050\000\051}{subsection.2.33.1}% 138
\BOOKMARK [3][-]{subsubsection.2.33.1.3}{\376\377\0002\000.\0003\0003\000.\0001\000.\0003\000\040\000g\000e\000t\000\137\000t\000i\000l\000e\000\137\000i\000n\000\137\000d\000i\000r\000\050\000\051}{subsection.2.33.1}% 139
\BOOKMARK [1][-]{section.2.34}{\376\377\0002\000.\0003\0004\000\040\000s\000e\000r\000v\000e\000r\000/\000g\000a\000m\000e\000/\000m\000a\000p\000/\000m\000o\000v\000e\000\137\000p\000l\000a\000y\000e\000r\000\137\000t\000o\000\137\000t\000i\000l\000e\000.\000c\000\040\000F\000i\000l\000e\000\040\000R\000e\000f\000e\000r\000e\000n\000c\000e}{chapter.2}% 140
\BOOKMARK [2][-]{subsection.2.34.1}{\376\377\0002\000.\0003\0004\000.\0001\000\040\000F\000u\000n\000c\000t\000i\000o\000n\000\040\000D\000o\000c\000u\000m\000e\000n\000t\000a\000t\000i\000o\000n}{section.2.34}% 141
\BOOKMARK [3][-]{subsubsection.2.34.1.1}{\376\377\0002\000.\0003\0004\000.\0001\000.\0001\000\040\000m\000o\000v\000e\000\137\000p\000l\000a\000y\000e\000r\000\137\000i\000n\000\137\000d\000i\000r\000\050\000\051}{subsection.2.34.1}% 142
\BOOKMARK [3][-]{subsubsection.2.34.1.2}{\376\377\0002\000.\0003\0004\000.\0001\000.\0002\000\040\000m\000o\000v\000e\000\137\000p\000l\000a\000y\000e\000r\000\137\000t\000o\000\137\000t\000i\000l\000e\000\050\000\051}{subsection.2.34.1}% 143
\BOOKMARK [1][-]{section.2.35}{\376\377\0002\000.\0003\0005\000\040\000s\000e\000r\000v\000e\000r\000/\000g\000a\000m\000e\000/\000m\000a\000p\000/\000r\000e\000m\000o\000v\000e\000\137\000p\000l\000a\000y\000e\000r\000\137\000f\000r\000o\000m\000\137\000t\000i\000l\000e\000.\000c\000\040\000F\000i\000l\000e\000\040\000R\000e\000f\000e\000r\000e\000n\000c\000e}{chapter.2}% 144
\BOOKMARK [2][-]{subsection.2.35.1}{\376\377\0002\000.\0003\0005\000.\0001\000\040\000F\000u\000n\000c\000t\000i\000o\000n\000\040\000D\000o\000c\000u\000m\000e\000n\000t\000a\000t\000i\000o\000n}{section.2.35}% 145
\BOOKMARK [3][-]{subsubsection.2.35.1.1}{\376\377\0002\000.\0003\0005\000.\0001\000.\0001\000\040\000r\000e\000m\000o\000v\000e\000\137\000p\000l\000a\000y\000e\000r\000\137\000f\000r\000o\000m\000\137\000t\000i\000l\000e\000\050\000\051}{subsection.2.35.1}% 146
\BOOKMARK [1][-]{section.2.36}{\376\377\0002\000.\0003\0006\000\040\000s\000e\000r\000v\000e\000r\000/\000g\000a\000m\000e\000/\000m\000a\000p\000/\000r\000e\000m\000o\000v\000e\000\137\000r\000e\000s\000o\000u\000r\000c\000e\000s\000\137\000f\000r\000o\000m\000\137\000t\000i\000l\000e\000.\000c\000\040\000F\000i\000l\000e\000\040\000R\000e\000f\000e\000r\000e\000n\000c\000e}{chapter.2}% 147
\BOOKMARK [2][-]{subsection.2.36.1}{\376\377\0002\000.\0003\0006\000.\0001\000\040\000F\000u\000n\000c\000t\000i\000o\000n\000\040\000D\000o\000c\000u\000m\000e\000n\000t\000a\000t\000i\000o\000n}{section.2.36}% 148
\BOOKMARK [3][-]{subsubsection.2.36.1.1}{\376\377\0002\000.\0003\0006\000.\0001\000.\0001\000\040\000r\000e\000m\000o\000v\000e\000\137\000r\000e\000s\000o\000u\000r\000c\000e\000s\000\137\000f\000r\000o\000m\000\137\000t\000i\000l\000e\000\050\000\051}{subsection.2.36.1}% 149
\BOOKMARK [1][-]{section.2.37}{\376\377\0002\000.\0003\0007\000\040\000s\000e\000r\000v\000e\000r\000/\000g\000a\000m\000e\000/\000m\000a\000p\000/\000s\000p\000a\000w\000n\000\137\000f\000o\000o\000d\000.\000c\000\040\000F\000i\000l\000e\000\040\000R\000e\000f\000e\000r\000e\000n\000c\000e}{chapter.2}% 150
\BOOKMARK [2][-]{subsection.2.37.1}{\376\377\0002\000.\0003\0007\000.\0001\000\040\000F\000u\000n\000c\000t\000i\000o\000n\000\040\000D\000o\000c\000u\000m\000e\000n\000t\000a\000t\000i\000o\000n}{section.2.37}% 151
\BOOKMARK [3][-]{subsubsection.2.37.1.1}{\376\377\0002\000.\0003\0007\000.\0001\000.\0001\000\040\000i\000n\000i\000t\000\137\000r\000a\000n\000d\000o\000m\000\137\000p\000o\000s\000\050\000\051}{subsection.2.37.1}% 152
\BOOKMARK [3][-]{subsubsection.2.37.1.2}{\376\377\0002\000.\0003\0007\000.\0001\000.\0002\000\040\000s\000p\000a\000w\000n\000\137\000r\000e\000s\000o\000u\000r\000c\000e\000\050\000\051}{subsection.2.37.1}% 153
\BOOKMARK [3][-]{subsubsection.2.37.1.3}{\376\377\0002\000.\0003\0007\000.\0001\000.\0003\000\040\000s\000p\000a\000w\000n\000\137\000r\000e\000s\000o\000u\000r\000c\000e\000\137\000a\000t\000\137\000p\000o\000s\000\050\000\051}{subsection.2.37.1}% 154
\BOOKMARK [1][-]{section.2.38}{\376\377\0002\000.\0003\0008\000\040\000s\000e\000r\000v\000e\000r\000/\000g\000a\000m\000e\000/\000p\000l\000a\000y\000e\000r\000/\000a\000d\000d\000.\000c\000\040\000F\000i\000l\000e\000\040\000R\000e\000f\000e\000r\000e\000n\000c\000e}{chapter.2}% 155
\BOOKMARK [2][-]{subsection.2.38.1}{\376\377\0002\000.\0003\0008\000.\0001\000\040\000F\000u\000n\000c\000t\000i\000o\000n\000\040\000D\000o\000c\000u\000m\000e\000n\000t\000a\000t\000i\000o\000n}{section.2.38}% 156
\BOOKMARK [3][-]{subsubsection.2.38.1.1}{\376\377\0002\000.\0003\0008\000.\0001\000.\0001\000\040\000c\000r\000e\000a\000t\000e\000\137\000p\000l\000a\000y\000e\000r\000\050\000\051}{subsection.2.38.1}% 157
\BOOKMARK [3][-]{subsubsection.2.38.1.2}{\376\377\0002\000.\0003\0008\000.\0001\000.\0002\000\040\000i\000n\000i\000t\000\137\000p\000l\000a\000y\000e\000r\000\137\000t\000i\000l\000e\000\050\000\051}{subsection.2.38.1}% 158
\BOOKMARK [3][-]{subsubsection.2.38.1.3}{\376\377\0002\000.\0003\0008\000.\0001\000.\0003\000\040\000m\000a\000k\000e\000\137\000n\000e\000w\000\137\000p\000l\000a\000y\000e\000r\000\050\000\051}{subsection.2.38.1}% 159
\BOOKMARK [1][-]{section.2.39}{\376\377\0002\000.\0003\0009\000\040\000s\000e\000r\000v\000e\000r\000/\000n\000e\000t\000w\000o\000r\000k\000/\000c\000l\000i\000e\000n\000t\000/\000a\000d\000d\000.\000c\000\040\000F\000i\000l\000e\000\040\000R\000e\000f\000e\000r\000e\000n\000c\000e}{chapter.2}% 160
\BOOKMARK [2][-]{subsection.2.39.1}{\376\377\0002\000.\0003\0009\000.\0001\000\040\000F\000u\000n\000c\000t\000i\000o\000n\000\040\000D\000o\000c\000u\000m\000e\000n\000t\000a\000t\000i\000o\000n}{section.2.39}% 161
\BOOKMARK [3][-]{subsubsection.2.39.1.1}{\376\377\0002\000.\0003\0009\000.\0001\000.\0001\000\040\000a\000p\000p\000e\000n\000d\000\137\000t\000o\000\137\000c\000l\000i\000e\000n\000t\000\137\000l\000i\000s\000t\000\050\000\051}{subsection.2.39.1}% 162
\BOOKMARK [1][-]{section.2.40}{\376\377\0002\000.\0004\0000\000\040\000s\000e\000r\000v\000e\000r\000/\000g\000a\000m\000e\000/\000p\000l\000a\000y\000e\000r\000/\000a\000p\000p\000e\000n\000d\000.\000c\000\040\000F\000i\000l\000e\000\040\000R\000e\000f\000e\000r\000e\000n\000c\000e}{chapter.2}% 163
\BOOKMARK [2][-]{subsection.2.40.1}{\376\377\0002\000.\0004\0000\000.\0001\000\040\000F\000u\000n\000c\000t\000i\000o\000n\000\040\000D\000o\000c\000u\000m\000e\000n\000t\000a\000t\000i\000o\000n}{section.2.40}% 164
\BOOKMARK [3][-]{subsubsection.2.40.1.1}{\376\377\0002\000.\0004\0000\000.\0001\000.\0001\000\040\000a\000p\000p\000e\000n\000d\000\137\000t\000o\000\137\000g\000l\000o\000b\000a\000l\000\137\000p\000l\000a\000y\000e\000r\000\137\000l\000i\000s\000t\000\050\000\051}{subsection.2.40.1}% 165
\BOOKMARK [1][-]{section.2.41}{\376\377\0002\000.\0004\0001\000\040\000s\000e\000r\000v\000e\000r\000/\000g\000a\000m\000e\000/\000p\000l\000a\000y\000e\000r\000/\000c\000h\000e\000c\000k\000.\000c\000\040\000F\000i\000l\000e\000\040\000R\000e\000f\000e\000r\000e\000n\000c\000e}{chapter.2}% 166
\BOOKMARK [2][-]{subsection.2.41.1}{\376\377\0002\000.\0004\0001\000.\0001\000\040\000F\000u\000n\000c\000t\000i\000o\000n\000\040\000D\000o\000c\000u\000m\000e\000n\000t\000a\000t\000i\000o\000n}{section.2.41}% 167
\BOOKMARK [3][-]{subsubsection.2.41.1.1}{\376\377\0002\000.\0004\0001\000.\0001\000.\0001\000\040\000h\000a\000s\000\137\000p\000e\000n\000d\000i\000n\000g\000\137\000c\000o\000m\000m\000a\000n\000d\000s\000\050\000\051}{subsection.2.41.1}% 168
\BOOKMARK [1][-]{section.2.42}{\376\377\0002\000.\0004\0002\000\040\000s\000e\000r\000v\000e\000r\000/\000g\000a\000m\000e\000/\000p\000l\000a\000y\000e\000r\000/\000d\000e\000l\000e\000t\000e\000.\000c\000\040\000F\000i\000l\000e\000\040\000R\000e\000f\000e\000r\000e\000n\000c\000e}{chapter.2}% 169
\BOOKMARK [2][-]{subsection.2.42.1}{\376\377\0002\000.\0004\0002\000.\0001\000\040\000F\000u\000n\000c\000t\000i\000o\000n\000\040\000D\000o\000c\000u\000m\000e\000n\000t\000a\000t\000i\000o\000n}{section.2.42}% 170
\BOOKMARK [3][-]{subsubsection.2.42.1.1}{\376\377\0002\000.\0004\0002\000.\0001\000.\0001\000\040\000d\000e\000l\000e\000t\000e\000\137\000p\000l\000a\000y\000e\000r\000\050\000\051}{subsection.2.42.1}% 171
\BOOKMARK [3][-]{subsubsection.2.42.1.2}{\376\377\0002\000.\0004\0002\000.\0001\000.\0002\000\040\000f\000r\000e\000e\000\137\000a\000l\000l\000\137\000p\000l\000a\000y\000e\000r\000s\000\050\000\051}{subsection.2.42.1}% 172
\BOOKMARK [3][-]{subsubsection.2.42.1.3}{\376\377\0002\000.\0004\0002\000.\0001\000.\0003\000\040\000f\000r\000e\000e\000\137\000p\000l\000a\000y\000e\000r\000\050\000\051}{subsection.2.42.1}% 173
\BOOKMARK [3][-]{subsubsection.2.42.1.4}{\376\377\0002\000.\0004\0002\000.\0001\000.\0004\000\040\000r\000e\000m\000o\000v\000e\000\137\000p\000l\000a\000y\000e\000r\000\050\000\051}{subsection.2.42.1}% 174
\BOOKMARK [3][-]{subsubsection.2.42.1.5}{\376\377\0002\000.\0004\0002\000.\0001\000.\0005\000\040\000r\000e\000m\000o\000v\000e\000\137\000p\000l\000a\000y\000e\000r\000\137\000f\000r\000o\000m\000\137\000g\000l\000o\000b\000a\000l\000\137\000p\000l\000a\000y\000e\000r\000\137\000l\000i\000s\000t\000\050\000\051}{subsection.2.42.1}% 175
\BOOKMARK [1][-]{section.2.43}{\376\377\0002\000.\0004\0003\000\040\000s\000e\000r\000v\000e\000r\000/\000n\000e\000t\000w\000o\000r\000k\000/\000c\000l\000i\000e\000n\000t\000/\000d\000e\000l\000e\000t\000e\000.\000c\000\040\000F\000i\000l\000e\000\040\000R\000e\000f\000e\000r\000e\000n\000c\000e}{chapter.2}% 176
\BOOKMARK [2][-]{subsection.2.43.1}{\376\377\0002\000.\0004\0003\000.\0001\000\040\000F\000u\000n\000c\000t\000i\000o\000n\000\040\000D\000o\000c\000u\000m\000e\000n\000t\000a\000t\000i\000o\000n}{section.2.43}% 177
\BOOKMARK [3][-]{subsubsection.2.43.1.1}{\376\377\0002\000.\0004\0003\000.\0001\000.\0001\000\040\000d\000e\000l\000e\000t\000e\000\137\000c\000l\000i\000e\000n\000t\000\050\000\051}{subsection.2.43.1}% 178
\BOOKMARK [3][-]{subsubsection.2.43.1.2}{\376\377\0002\000.\0004\0003\000.\0001\000.\0002\000\040\000d\000i\000s\000c\000o\000n\000n\000e\000c\000t\000\137\000c\000l\000i\000e\000n\000t\000\050\000\051}{subsection.2.43.1}% 179
\BOOKMARK [3][-]{subsubsection.2.43.1.3}{\376\377\0002\000.\0004\0003\000.\0001\000.\0003\000\040\000f\000r\000e\000e\000\137\000a\000l\000l\000\137\000c\000l\000i\000e\000n\000t\000s\000\050\000\051}{subsection.2.43.1}% 180
\BOOKMARK [3][-]{subsubsection.2.43.1.4}{\376\377\0002\000.\0004\0003\000.\0001\000.\0004\000\040\000f\000r\000e\000e\000\137\000c\000l\000i\000e\000n\000t\000\050\000\051}{subsection.2.43.1}% 181
\BOOKMARK [1][-]{section.2.44}{\376\377\0002\000.\0004\0004\000\040\000s\000e\000r\000v\000e\000r\000/\000g\000a\000m\000e\000/\000p\000l\000a\000y\000e\000r\000/\000g\000e\000t\000.\000c\000\040\000F\000i\000l\000e\000\040\000R\000e\000f\000e\000r\000e\000n\000c\000e}{chapter.2}% 182
\BOOKMARK [2][-]{subsection.2.44.1}{\376\377\0002\000.\0004\0004\000.\0001\000\040\000F\000u\000n\000c\000t\000i\000o\000n\000\040\000D\000o\000c\000u\000m\000e\000n\000t\000a\000t\000i\000o\000n}{section.2.44}% 183
\BOOKMARK [3][-]{subsubsection.2.44.1.1}{\376\377\0002\000.\0004\0004\000.\0001\000.\0001\000\040\000g\000e\000t\000\137\000l\000a\000s\000t\000\137\000g\000l\000o\000b\000a\000l\000\137\000p\000l\000a\000y\000e\000r\000\050\000\051}{subsection.2.44.1}% 184
\BOOKMARK [3][-]{subsubsection.2.44.1.2}{\376\377\0002\000.\0004\0004\000.\0001\000.\0002\000\040\000g\000e\000t\000\137\000n\000b\000r\000\137\000p\000l\000a\000y\000e\000r\000s\000\137\000g\000l\000o\000b\000a\000l\000\050\000\051}{subsection.2.44.1}% 185
\BOOKMARK [1][-]{section.2.45}{\376\377\0002\000.\0004\0005\000\040\000s\000e\000r\000v\000e\000r\000/\000n\000e\000t\000w\000o\000r\000k\000/\000c\000l\000i\000e\000n\000t\000/\000g\000e\000t\000.\000c\000\040\000F\000i\000l\000e\000\040\000R\000e\000f\000e\000r\000e\000n\000c\000e}{chapter.2}% 186
\BOOKMARK [2][-]{subsection.2.45.1}{\376\377\0002\000.\0004\0005\000.\0001\000\040\000F\000u\000n\000c\000t\000i\000o\000n\000\040\000D\000o\000c\000u\000m\000e\000n\000t\000a\000t\000i\000o\000n}{section.2.45}% 187
\BOOKMARK [3][-]{subsubsection.2.45.1.1}{\376\377\0002\000.\0004\0005\000.\0001\000.\0001\000\040\000g\000e\000t\000\137\000c\000l\000i\000e\000n\000t\000\137\000b\000y\000\137\000f\000d\000\050\000\051}{subsection.2.45.1}% 188
\BOOKMARK [3][-]{subsubsection.2.45.1.2}{\376\377\0002\000.\0004\0005\000.\0001\000.\0002\000\040\000g\000e\000t\000\137\000l\000a\000s\000t\000\137\000c\000l\000i\000e\000n\000t\000\050\000\051}{subsection.2.45.1}% 189
\BOOKMARK [1][-]{section.2.46}{\376\377\0002\000.\0004\0006\000\040\000s\000e\000r\000v\000e\000r\000/\000g\000a\000m\000e\000/\000t\000e\000a\000m\000/\000a\000d\000d\000\137\000p\000l\000a\000y\000e\000r\000.\000c\000\040\000F\000i\000l\000e\000\040\000R\000e\000f\000e\000r\000e\000n\000c\000e}{chapter.2}% 190
\BOOKMARK [2][-]{subsection.2.46.1}{\376\377\0002\000.\0004\0006\000.\0001\000\040\000F\000u\000n\000c\000t\000i\000o\000n\000\040\000D\000o\000c\000u\000m\000e\000n\000t\000a\000t\000i\000o\000n}{section.2.46}% 191
\BOOKMARK [3][-]{subsubsection.2.46.1.1}{\376\377\0002\000.\0004\0006\000.\0001\000.\0001\000\040\000a\000p\000p\000e\000n\000d\000\137\000t\000o\000\137\000t\000e\000a\000m\000\137\000p\000l\000a\000y\000e\000r\000\137\000l\000i\000s\000t\000\050\000\051}{subsection.2.46.1}% 192
\BOOKMARK [1][-]{section.2.47}{\376\377\0002\000.\0004\0007\000\040\000s\000e\000r\000v\000e\000r\000/\000g\000a\000m\000e\000/\000t\000e\000a\000m\000/\000g\000e\000t\000\137\000t\000e\000a\000m\000.\000c\000\040\000F\000i\000l\000e\000\040\000R\000e\000f\000e\000r\000e\000n\000c\000e}{chapter.2}% 193
\BOOKMARK [2][-]{subsection.2.47.1}{\376\377\0002\000.\0004\0007\000.\0001\000\040\000F\000u\000n\000c\000t\000i\000o\000n\000\040\000D\000o\000c\000u\000m\000e\000n\000t\000a\000t\000i\000o\000n}{section.2.47}% 194
\BOOKMARK [3][-]{subsubsection.2.47.1.1}{\376\377\0002\000.\0004\0007\000.\0001\000.\0001\000\040\000g\000e\000t\000\137\000t\000e\000a\000m\000\050\000\051}{subsection.2.47.1}% 195
\BOOKMARK [1][-]{section.2.48}{\376\377\0002\000.\0004\0008\000\040\000s\000e\000r\000v\000e\000r\000/\000g\000a\000m\000e\000/\000t\000e\000a\000m\000/\000r\000e\000m\000o\000v\000e\000\137\000p\000l\000a\000y\000e\000r\000.\000c\000\040\000F\000i\000l\000e\000\040\000R\000e\000f\000e\000r\000e\000n\000c\000e}{chapter.2}% 196
\BOOKMARK [2][-]{subsection.2.48.1}{\376\377\0002\000.\0004\0008\000.\0001\000\040\000F\000u\000n\000c\000t\000i\000o\000n\000\040\000D\000o\000c\000u\000m\000e\000n\000t\000a\000t\000i\000o\000n}{section.2.48}% 197
\BOOKMARK [3][-]{subsubsection.2.48.1.1}{\376\377\0002\000.\0004\0008\000.\0001\000.\0001\000\040\000r\000e\000m\000o\000v\000e\000\137\000p\000l\000a\000y\000e\000r\000\137\000f\000r\000o\000m\000\137\000t\000e\000a\000m\000\050\000\051}{subsection.2.48.1}% 198
\BOOKMARK [1][-]{section.2.49}{\376\377\0002\000.\0004\0009\000\040\000s\000e\000r\000v\000e\000r\000/\000g\000a\000m\000e\000/\000u\000p\000d\000a\000t\000e\000/\000c\000h\000e\000c\000k\000\137\000i\000f\000\137\000g\000a\000m\000e\000\137\000w\000o\000n\000.\000c\000\040\000F\000i\000l\000e\000\040\000R\000e\000f\000e\000r\000e\000n\000c\000e}{chapter.2}% 199
\BOOKMARK [2][-]{subsection.2.49.1}{\376\377\0002\000.\0004\0009\000.\0001\000\040\000F\000u\000n\000c\000t\000i\000o\000n\000\040\000D\000o\000c\000u\000m\000e\000n\000t\000a\000t\000i\000o\000n}{section.2.49}% 200
\BOOKMARK [3][-]{subsubsection.2.49.1.1}{\376\377\0002\000.\0004\0009\000.\0001\000.\0001\000\040\000c\000h\000e\000c\000k\000\137\000i\000f\000\137\000g\000a\000m\000e\000\137\000w\000o\000n\000\050\000\051}{subsection.2.49.1}% 201
\BOOKMARK [1][-]{section.2.50}{\376\377\0002\000.\0005\0000\000\040\000s\000e\000r\000v\000e\000r\000/\000g\000a\000m\000e\000/\000u\000p\000d\000a\000t\000e\000/\000e\000x\000e\000c\000u\000t\000e\000\137\000p\000l\000a\000y\000e\000r\000\137\000c\000o\000m\000m\000a\000n\000d\000s\000.\000c\000\040\000F\000i\000l\000e\000\040\000R\000e\000f\000e\000r\000e\000n\000c\000e}{chapter.2}% 202
\BOOKMARK [2][-]{subsection.2.50.1}{\376\377\0002\000.\0005\0000\000.\0001\000\040\000F\000u\000n\000c\000t\000i\000o\000n\000\040\000D\000o\000c\000u\000m\000e\000n\000t\000a\000t\000i\000o\000n}{section.2.50}% 203
\BOOKMARK [3][-]{subsubsection.2.50.1.1}{\376\377\0002\000.\0005\0000\000.\0001\000.\0001\000\040\000e\000x\000e\000c\000u\000t\000e\000\137\000p\000l\000a\000y\000e\000r\000\137\000c\000o\000m\000m\000a\000n\000d\000\050\000\051}{subsection.2.50.1}% 204
\BOOKMARK [3][-]{subsubsection.2.50.1.2}{\376\377\0002\000.\0005\0000\000.\0001\000.\0002\000\040\000f\000i\000l\000l\000\137\000r\000e\000s\000p\000o\000n\000s\000e\000\137\000t\000o\000\137\000c\000l\000i\000e\000n\000t\000\050\000\051}{subsection.2.50.1}% 205
\BOOKMARK [3][-]{subsubsection.2.50.1.3}{\376\377\0002\000.\0005\0000\000.\0001\000.\0003\000\040\000s\000t\000r\000c\000m\000p\000\137\000u\000n\000t\000i\000l\000\137\000s\000p\000a\000c\000e\000\050\000\051}{subsection.2.50.1}% 206
\BOOKMARK [1][-]{section.2.51}{\376\377\0002\000.\0005\0001\000\040\000s\000e\000r\000v\000e\000r\000/\000g\000a\000m\000e\000/\000u\000p\000d\000a\000t\000e\000/\000s\000e\000t\000\137\000p\000l\000a\000y\000e\000r\000\137\000c\000o\000m\000m\000a\000n\000d\000.\000c\000\040\000F\000i\000l\000e\000\040\000R\000e\000f\000e\000r\000e\000n\000c\000e}{chapter.2}% 207
\BOOKMARK [2][-]{subsection.2.51.1}{\376\377\0002\000.\0005\0001\000.\0001\000\040\000F\000u\000n\000c\000t\000i\000o\000n\000\040\000D\000o\000c\000u\000m\000e\000n\000t\000a\000t\000i\000o\000n}{section.2.51}% 208
\BOOKMARK [3][-]{subsubsection.2.51.1.1}{\376\377\0002\000.\0005\0001\000.\0001\000.\0001\000\040\000s\000e\000n\000d\000\137\000r\000i\000t\000u\000a\000l\000\137\000s\000t\000a\000r\000t\000\137\000m\000s\000g\000\137\000t\000o\000\137\000p\000l\000a\000y\000e\000r\000s\000\050\000\051}{subsection.2.51.1}% 209
\BOOKMARK [3][-]{subsubsection.2.51.1.2}{\376\377\0002\000.\0005\0001\000.\0001\000.\0002\000\040\000s\000e\000t\000\137\000c\000o\000m\000m\000a\000n\000d\000\050\000\051}{subsection.2.51.1}% 210
\BOOKMARK [3][-]{subsubsection.2.51.1.3}{\376\377\0002\000.\0005\0001\000.\0001\000.\0003\000\040\000s\000e\000t\000\137\000i\000n\000c\000a\000n\000t\000a\000t\000i\000o\000n\000\137\000c\000o\000m\000m\000a\000n\000d\000\050\000\051}{subsection.2.51.1}% 211
\BOOKMARK [3][-]{subsubsection.2.51.1.4}{\376\377\0002\000.\0005\0001\000.\0001\000.\0004\000\040\000s\000e\000t\000\137\000p\000l\000a\000y\000e\000r\000\137\000c\000o\000m\000m\000a\000n\000d\000\050\000\051}{subsection.2.51.1}% 212
\BOOKMARK [1][-]{section.2.52}{\376\377\0002\000.\0005\0002\000\040\000s\000e\000r\000v\000e\000r\000/\000g\000a\000m\000e\000/\000u\000p\000d\000a\000t\000e\000/\000u\000p\000d\000a\000t\000e\000\137\000g\000a\000m\000e\000.\000c\000\040\000F\000i\000l\000e\000\040\000R\000e\000f\000e\000r\000e\000n\000c\000e}{chapter.2}% 213
\BOOKMARK [2][-]{subsection.2.52.1}{\376\377\0002\000.\0005\0002\000.\0001\000\040\000F\000u\000n\000c\000t\000i\000o\000n\000\040\000D\000o\000c\000u\000m\000e\000n\000t\000a\000t\000i\000o\000n}{section.2.52}% 214
\BOOKMARK [3][-]{subsubsection.2.52.1.1}{\376\377\0002\000.\0005\0002\000.\0001\000.\0001\000\040\000h\000a\000n\000d\000l\000e\000\137\000p\000l\000a\000y\000e\000r\000\137\000c\000o\000m\000m\000a\000n\000d\000\050\000\051}{subsection.2.52.1}% 215
\BOOKMARK [3][-]{subsubsection.2.52.1.2}{\376\377\0002\000.\0005\0002\000.\0001\000.\0002\000\040\000h\000a\000n\000d\000l\000e\000\137\000p\000l\000a\000y\000e\000r\000s\000\050\000\051}{subsection.2.52.1}% 216
\BOOKMARK [3][-]{subsubsection.2.52.1.3}{\376\377\0002\000.\0005\0002\000.\0001\000.\0003\000\040\000s\000h\000o\000u\000l\000d\000\137\000g\000a\000m\000e\000\137\000r\000e\000s\000e\000t\000\050\000\051}{subsection.2.52.1}% 217
\BOOKMARK [3][-]{subsubsection.2.52.1.4}{\376\377\0002\000.\0005\0002\000.\0001\000.\0004\000\040\000u\000p\000d\000a\000t\000e\000\137\000g\000a\000m\000e\000\050\000\051}{subsection.2.52.1}% 218
\BOOKMARK [1][-]{section.2.53}{\376\377\0002\000.\0005\0003\000\040\000s\000e\000r\000v\000e\000r\000/\000g\000e\000t\000\137\000a\000r\000g\000s\000/\000g\000e\000t\000\137\000a\000r\000g\000s\000.\000c\000\040\000F\000i\000l\000e\000\040\000R\000e\000f\000e\000r\000e\000n\000c\000e}{chapter.2}% 219
\BOOKMARK [2][-]{subsection.2.53.1}{\376\377\0002\000.\0005\0003\000.\0001\000\040\000F\000u\000n\000c\000t\000i\000o\000n\000\040\000D\000o\000c\000u\000m\000e\000n\000t\000a\000t\000i\000o\000n}{section.2.53}% 220
\BOOKMARK [3][-]{subsubsection.2.53.1.1}{\376\377\0002\000.\0005\0003\000.\0001\000.\0001\000\040\000c\000h\000e\000c\000k\000\137\000a\000r\000g\000\137\000h\000o\000l\000d\000e\000r\000\050\000\051}{subsection.2.53.1}% 221
\BOOKMARK [3][-]{subsubsection.2.53.1.2}{\376\377\0002\000.\0005\0003\000.\0001\000.\0002\000\040\000f\000r\000e\000e\000\137\000a\000r\000g\000\137\000h\000o\000l\000d\000e\000r\000\050\000\051}{subsection.2.53.1}% 222
\BOOKMARK [3][-]{subsubsection.2.53.1.3}{\376\377\0002\000.\0005\0003\000.\0001\000.\0003\000\040\000g\000e\000t\000\137\000a\000r\000g\000s\000\050\000\051}{subsection.2.53.1}% 223
\BOOKMARK [3][-]{subsubsection.2.53.1.4}{\376\377\0002\000.\0005\0003\000.\0001\000.\0004\000\040\000g\000e\000t\000\137\000a\000r\000g\000s\000\137\000l\000o\000o\000p\000\050\000\051}{subsection.2.53.1}% 224
\BOOKMARK [1][-]{section.2.54}{\376\377\0002\000.\0005\0004\000\040\000s\000e\000r\000v\000e\000r\000/\000g\000e\000t\000\137\000a\000r\000g\000s\000/\000o\000p\000t\000i\000o\000n\000s\000\137\000f\000u\000n\000c\000.\000c\000\040\000F\000i\000l\000e\000\040\000R\000e\000f\000e\000r\000e\000n\000c\000e}{chapter.2}% 225
\BOOKMARK [2][-]{subsection.2.54.1}{\376\377\0002\000.\0005\0004\000.\0001\000\040\000F\000u\000n\000c\000t\000i\000o\000n\000\040\000D\000o\000c\000u\000m\000e\000n\000t\000a\000t\000i\000o\000n}{section.2.54}% 226
\BOOKMARK [3][-]{subsubsection.2.54.1.1}{\376\377\0002\000.\0005\0004\000.\0001\000.\0001\000\040\000h\000a\000n\000d\000l\000e\000\137\000o\000p\000t\000\137\000c\000\050\000\051}{subsection.2.54.1}% 227
\BOOKMARK [3][-]{subsubsection.2.54.1.2}{\376\377\0002\000.\0005\0004\000.\0001\000.\0002\000\040\000h\000a\000n\000d\000l\000e\000\137\000o\000p\000t\000\137\000f\000\050\000\051}{subsection.2.54.1}% 228
\BOOKMARK [3][-]{subsubsection.2.54.1.3}{\376\377\0002\000.\0005\0004\000.\0001\000.\0003\000\040\000h\000a\000n\000d\000l\000e\000\137\000o\000p\000t\000\137\000p\000\050\000\051}{subsection.2.54.1}% 229
\BOOKMARK [3][-]{subsubsection.2.54.1.4}{\376\377\0002\000.\0005\0004\000.\0001\000.\0004\000\040\000h\000a\000n\000d\000l\000e\000\137\000o\000p\000t\000\137\000x\000\050\000\051}{subsection.2.54.1}% 230
\BOOKMARK [3][-]{subsubsection.2.54.1.5}{\376\377\0002\000.\0005\0004\000.\0001\000.\0005\000\040\000h\000a\000n\000d\000l\000e\000\137\000o\000p\000t\000\137\000y\000\050\000\051}{subsection.2.54.1}% 231
\BOOKMARK [1][-]{section.2.55}{\376\377\0002\000.\0005\0005\000\040\000s\000e\000r\000v\000e\000r\000/\000g\000e\000t\000\137\000a\000r\000g\000s\000/\000o\000p\000t\000i\000o\000n\000s\000\137\000n\000a\000m\000e\000s\000\137\000f\000u\000n\000c\000.\000c\000\040\000F\000i\000l\000e\000\040\000R\000e\000f\000e\000r\000e\000n\000c\000e}{chapter.2}% 232
\BOOKMARK [2][-]{subsection.2.55.1}{\376\377\0002\000.\0005\0005\000.\0001\000\040\000F\000u\000n\000c\000t\000i\000o\000n\000\040\000D\000o\000c\000u\000m\000e\000n\000t\000a\000t\000i\000o\000n}{section.2.55}% 233
\BOOKMARK [3][-]{subsubsection.2.55.1.1}{\376\377\0002\000.\0005\0005\000.\0001\000.\0001\000\040\000h\000a\000n\000d\000l\000e\000\137\000o\000p\000t\000\137\000n\000\050\000\051}{subsection.2.55.1}% 234
\BOOKMARK [3][-]{subsubsection.2.55.1.2}{\376\377\0002\000.\0005\0005\000.\0001\000.\0002\000\040\000i\000s\000\137\000a\000r\000g\000\137\000o\000p\000t\000i\000o\000n\000\050\000\051}{subsection.2.55.1}% 235
\BOOKMARK [1][-]{section.2.56}{\376\377\0002\000.\0005\0006\000\040\000s\000e\000r\000v\000e\000r\000/\000i\000n\000i\000t\000/\000g\000a\000m\000e\000/\000g\000a\000m\000e\000.\000c\000\040\000F\000i\000l\000e\000\040\000R\000e\000f\000e\000r\000e\000n\000c\000e}{chapter.2}% 236
\BOOKMARK [2][-]{subsection.2.56.1}{\376\377\0002\000.\0005\0006\000.\0001\000\040\000F\000u\000n\000c\000t\000i\000o\000n\000\040\000D\000o\000c\000u\000m\000e\000n\000t\000a\000t\000i\000o\000n}{section.2.56}% 237
\BOOKMARK [3][-]{subsubsection.2.56.1.1}{\376\377\0002\000.\0005\0006\000.\0001\000.\0001\000\040\000i\000n\000i\000t\000\137\000g\000a\000m\000e\000\050\000\051}{subsection.2.56.1}% 238
\BOOKMARK [1][-]{section.2.57}{\376\377\0002\000.\0005\0007\000\040\000s\000e\000r\000v\000e\000r\000/\000i\000n\000i\000t\000/\000g\000a\000m\000e\000/\000l\000i\000n\000k\000\137\000t\000i\000l\000e\000s\000.\000c\000\040\000F\000i\000l\000e\000\040\000R\000e\000f\000e\000r\000e\000n\000c\000e}{chapter.2}% 239
\BOOKMARK [2][-]{subsection.2.57.1}{\376\377\0002\000.\0005\0007\000.\0001\000\040\000F\000u\000n\000c\000t\000i\000o\000n\000\040\000D\000o\000c\000u\000m\000e\000n\000t\000a\000t\000i\000o\000n}{section.2.57}% 240
\BOOKMARK [3][-]{subsubsection.2.57.1.1}{\376\377\0002\000.\0005\0007\000.\0001\000.\0001\000\040\000l\000i\000n\000k\000\137\000t\000i\000l\000e\000\050\000\051}{subsection.2.57.1}% 241
\BOOKMARK [3][-]{subsubsection.2.57.1.2}{\376\377\0002\000.\0005\0007\000.\0001\000.\0002\000\040\000l\000i\000n\000k\000\137\000t\000i\000l\000e\000s\000\050\000\051}{subsection.2.57.1}% 242
\BOOKMARK [1][-]{section.2.58}{\376\377\0002\000.\0005\0008\000\040\000s\000e\000r\000v\000e\000r\000/\000i\000n\000i\000t\000/\000g\000a\000m\000e\000/\000t\000e\000a\000m\000s\000.\000c\000\040\000F\000i\000l\000e\000\040\000R\000e\000f\000e\000r\000e\000n\000c\000e}{chapter.2}% 243
\BOOKMARK [2][-]{subsection.2.58.1}{\376\377\0002\000.\0005\0008\000.\0001\000\040\000F\000u\000n\000c\000t\000i\000o\000n\000\040\000D\000o\000c\000u\000m\000e\000n\000t\000a\000t\000i\000o\000n}{section.2.58}% 244
\BOOKMARK [3][-]{subsubsection.2.58.1.1}{\376\377\0002\000.\0005\0008\000.\0001\000.\0001\000\040\000f\000r\000e\000e\000\137\000t\000e\000a\000m\000\137\000a\000r\000r\000a\000y\000\050\000\051}{subsection.2.58.1}% 245
\BOOKMARK [3][-]{subsubsection.2.58.1.2}{\376\377\0002\000.\0005\0008\000.\0001\000.\0002\000\040\000i\000n\000i\000t\000\137\000t\000e\000a\000m\000\050\000\051}{subsection.2.58.1}% 246
\BOOKMARK [3][-]{subsubsection.2.58.1.3}{\376\377\0002\000.\0005\0008\000.\0001\000.\0003\000\040\000i\000n\000i\000t\000\137\000t\000e\000a\000m\000s\000\050\000\051}{subsection.2.58.1}% 247
\BOOKMARK [3][-]{subsubsection.2.58.1.4}{\376\377\0002\000.\0005\0008\000.\0001\000.\0004\000\040\000p\000r\000i\000n\000t\000\137\000t\000e\000a\000m\000s\000\050\000\051}{subsection.2.58.1}% 248
\BOOKMARK [1][-]{section.2.59}{\376\377\0002\000.\0005\0009\000\040\000s\000e\000r\000v\000e\000r\000/\000i\000n\000i\000t\000/\000g\000a\000m\000e\000/\000w\000o\000r\000l\000d\000.\000c\000\040\000F\000i\000l\000e\000\040\000R\000e\000f\000e\000r\000e\000n\000c\000e}{chapter.2}% 249
\BOOKMARK [2][-]{subsection.2.59.1}{\376\377\0002\000.\0005\0009\000.\0001\000\040\000F\000u\000n\000c\000t\000i\000o\000n\000\040\000D\000o\000c\000u\000m\000e\000n\000t\000a\000t\000i\000o\000n}{section.2.59}% 250
\BOOKMARK [3][-]{subsubsection.2.59.1.1}{\376\377\0002\000.\0005\0009\000.\0001\000.\0001\000\040\000f\000r\000e\000e\000\137\000m\000a\000p\000\050\000\051}{subsection.2.59.1}% 251
\BOOKMARK [3][-]{subsubsection.2.59.1.2}{\376\377\0002\000.\0005\0009\000.\0001\000.\0002\000\040\000i\000n\000i\000t\000\137\000w\000o\000r\000l\000d\000\050\000\051}{subsection.2.59.1}% 252
\BOOKMARK [1][-]{section.2.60}{\376\377\0002\000.\0006\0000\000\040\000s\000e\000r\000v\000e\000r\000/\000i\000n\000i\000t\000/\000s\000e\000r\000v\000e\000r\000.\000c\000\040\000F\000i\000l\000e\000\040\000R\000e\000f\000e\000r\000e\000n\000c\000e}{chapter.2}% 253
\BOOKMARK [2][-]{subsection.2.60.1}{\376\377\0002\000.\0006\0000\000.\0001\000\040\000F\000u\000n\000c\000t\000i\000o\000n\000\040\000D\000o\000c\000u\000m\000e\000n\000t\000a\000t\000i\000o\000n}{section.2.60}% 254
\BOOKMARK [3][-]{subsubsection.2.60.1.1}{\376\377\0002\000.\0006\0000\000.\0001\000.\0001\000\040\000d\000e\000b\000u\000g\000\137\000n\000o\000\137\000r\000e\000u\000s\000e\000\050\000\051}{subsection.2.60.1}% 255
\BOOKMARK [3][-]{subsubsection.2.60.1.2}{\376\377\0002\000.\0006\0000\000.\0001\000.\0002\000\040\000i\000n\000i\000t\000\137\000s\000e\000l\000e\000c\000t\000\050\000\051}{subsection.2.60.1}% 256
\BOOKMARK [3][-]{subsubsection.2.60.1.3}{\376\377\0002\000.\0006\0000\000.\0001\000.\0003\000\040\000i\000n\000i\000t\000\137\000s\000e\000r\000v\000e\000r\000\050\000\051}{subsection.2.60.1}% 257
\BOOKMARK [3][-]{subsubsection.2.60.1.4}{\376\377\0002\000.\0006\0000\000.\0001\000.\0004\000\040\000i\000n\000i\000t\000\137\000s\000o\000c\000k\000\137\000a\000d\000d\000r\000e\000s\000s\000\050\000\051}{subsection.2.60.1}% 258
\BOOKMARK [1][-]{section.2.61}{\376\377\0002\000.\0006\0001\000\040\000s\000e\000r\000v\000e\000r\000/\000i\000n\000i\000t\000/\000z\000a\000p\000p\000y\000.\000c\000\040\000F\000i\000l\000e\000\040\000R\000e\000f\000e\000r\000e\000n\000c\000e}{chapter.2}% 259
\BOOKMARK [2][-]{subsection.2.61.1}{\376\377\0002\000.\0006\0001\000.\0001\000\040\000F\000u\000n\000c\000t\000i\000o\000n\000\040\000D\000o\000c\000u\000m\000e\000n\000t\000a\000t\000i\000o\000n}{section.2.61}% 260
\BOOKMARK [3][-]{subsubsection.2.61.1.1}{\376\377\0002\000.\0006\0001\000.\0001\000.\0001\000\040\000f\000r\000e\000e\000\137\000z\000a\000p\000p\000y\000\050\000\051}{subsection.2.61.1}% 261
\BOOKMARK [3][-]{subsubsection.2.61.1.2}{\376\377\0002\000.\0006\0001\000.\0001\000.\0002\000\040\000i\000n\000i\000t\000\137\000z\000a\000p\000p\000y\000\050\000\051}{subsection.2.61.1}% 262
\BOOKMARK [1][-]{section.2.62}{\376\377\0002\000.\0006\0002\000\040\000s\000e\000r\000v\000e\000r\000/\000m\000a\000i\000n\000.\000c\000\040\000F\000i\000l\000e\000\040\000R\000e\000f\000e\000r\000e\000n\000c\000e}{chapter.2}% 263
\BOOKMARK [2][-]{subsection.2.62.1}{\376\377\0002\000.\0006\0002\000.\0001\000\040\000F\000u\000n\000c\000t\000i\000o\000n\000\040\000D\000o\000c\000u\000m\000e\000n\000t\000a\000t\000i\000o\000n}{section.2.62}% 264
\BOOKMARK [3][-]{subsubsection.2.62.1.1}{\376\377\0002\000.\0006\0002\000.\0001\000.\0001\000\040\000m\000a\000i\000n\000\050\000\051}{subsection.2.62.1}% 265
\BOOKMARK [3][-]{subsubsection.2.62.1.2}{\376\377\0002\000.\0006\0002\000.\0001\000.\0002\000\040\000z\000a\000p\000p\000y\000\050\000\051}{subsection.2.62.1}% 266
\BOOKMARK [1][-]{section.2.63}{\376\377\0002\000.\0006\0003\000\040\000s\000e\000r\000v\000e\000r\000/\000n\000e\000t\000w\000o\000r\000k\000/\000c\000l\000i\000e\000n\000t\000/\000a\000c\000c\000e\000p\000t\000.\000c\000\040\000F\000i\000l\000e\000\040\000R\000e\000f\000e\000r\000e\000n\000c\000e}{chapter.2}% 267
\BOOKMARK [2][-]{subsection.2.63.1}{\376\377\0002\000.\0006\0003\000.\0001\000\040\000F\000u\000n\000c\000t\000i\000o\000n\000\040\000D\000o\000c\000u\000m\000e\000n\000t\000a\000t\000i\000o\000n}{section.2.63}% 268
\BOOKMARK [3][-]{subsubsection.2.63.1.1}{\376\377\0002\000.\0006\0003\000.\0001\000.\0001\000\040\000a\000c\000c\000e\000p\000t\000\137\000c\000l\000i\000e\000n\000t\000\050\000\051}{subsection.2.63.1}% 269
\BOOKMARK [3][-]{subsubsection.2.63.1.2}{\376\377\0002\000.\0006\0003\000.\0001\000.\0002\000\040\000g\000e\000t\000\137\000s\000o\000c\000k\000e\000t\000\137\000c\000l\000i\000e\000n\000t\000\050\000\051}{subsection.2.63.1}% 270
\BOOKMARK [1][-]{section.2.64}{\376\377\0002\000.\0006\0004\000\040\000s\000e\000r\000v\000e\000r\000/\000n\000e\000t\000w\000o\000r\000k\000/\000c\000l\000i\000e\000n\000t\000/\000c\000r\000e\000a\000t\000e\000.\000c\000\040\000F\000i\000l\000e\000\040\000R\000e\000f\000e\000r\000e\000n\000c\000e}{chapter.2}% 271
\BOOKMARK [2][-]{subsection.2.64.1}{\376\377\0002\000.\0006\0004\000.\0001\000\040\000F\000u\000n\000c\000t\000i\000o\000n\000\040\000D\000o\000c\000u\000m\000e\000n\000t\000a\000t\000i\000o\000n}{section.2.64}% 272
\BOOKMARK [3][-]{subsubsection.2.64.1.1}{\376\377\0002\000.\0006\0004\000.\0001\000.\0001\000\040\000c\000r\000e\000a\000t\000e\000\137\000c\000l\000i\000e\000n\000t\000\050\000\051}{subsection.2.64.1}% 273
\BOOKMARK [1][-]{section.2.65}{\376\377\0002\000.\0006\0005\000\040\000s\000e\000r\000v\000e\000r\000/\000n\000e\000t\000w\000o\000r\000k\000/\000c\000l\000i\000e\000n\000t\000/\000r\000e\000s\000e\000t\000\137\000c\000l\000i\000e\000n\000t\000\137\000t\000i\000m\000e\000r\000.\000c\000\040\000F\000i\000l\000e\000\040\000R\000e\000f\000e\000r\000e\000n\000c\000e}{chapter.2}% 274
\BOOKMARK [2][-]{subsection.2.65.1}{\376\377\0002\000.\0006\0005\000.\0001\000\040\000F\000u\000n\000c\000t\000i\000o\000n\000\040\000D\000o\000c\000u\000m\000e\000n\000t\000a\000t\000i\000o\000n}{section.2.65}% 275
\BOOKMARK [3][-]{subsubsection.2.65.1.1}{\376\377\0002\000.\0006\0005\000.\0001\000.\0001\000\040\000r\000e\000s\000e\000t\000\137\000c\000l\000i\000e\000n\000t\000\137\000t\000i\000m\000e\000r\000\050\000\051}{subsection.2.65.1}% 276
\BOOKMARK [1][-]{section.2.66}{\376\377\0002\000.\0006\0006\000\040\000s\000e\000r\000v\000e\000r\000/\000n\000e\000t\000w\000o\000r\000k\000/\000r\000e\000c\000v\000/\000r\000e\000c\000v\000\137\000c\000l\000i\000e\000n\000t\000\137\000i\000n\000f\000o\000.\000c\000\040\000F\000i\000l\000e\000\040\000R\000e\000f\000e\000r\000e\000n\000c\000e}{chapter.2}% 277
\BOOKMARK [2][-]{subsection.2.66.1}{\376\377\0002\000.\0006\0006\000.\0001\000\040\000F\000u\000n\000c\000t\000i\000o\000n\000\040\000D\000o\000c\000u\000m\000e\000n\000t\000a\000t\000i\000o\000n}{section.2.66}% 278
\BOOKMARK [3][-]{subsubsection.2.66.1.1}{\376\377\0002\000.\0006\0006\000.\0001\000.\0001\000\040\000r\000e\000c\000v\000\137\000c\000l\000i\000e\000n\000t\000\137\000i\000n\000f\000o\000\050\000\051}{subsection.2.66.1}% 279
\BOOKMARK [1][-]{section.2.67}{\376\377\0002\000.\0006\0007\000\040\000s\000e\000r\000v\000e\000r\000/\000n\000e\000t\000w\000o\000r\000k\000/\000r\000f\000d\000s\000/\000g\000i\000v\000e\000\137\000p\000l\000a\000y\000e\000r\000\137\000t\000o\000\137\000c\000l\000i\000e\000n\000t\000.\000c\000\040\000F\000i\000l\000e\000\040\000R\000e\000f\000e\000r\000e\000n\000c\000e}{chapter.2}% 280
\BOOKMARK [2][-]{subsection.2.67.1}{\376\377\0002\000.\0006\0007\000.\0001\000\040\000F\000u\000n\000c\000t\000i\000o\000n\000\040\000D\000o\000c\000u\000m\000e\000n\000t\000a\000t\000i\000o\000n}{section.2.67}% 281
\BOOKMARK [3][-]{subsubsection.2.67.1.1}{\376\377\0002\000.\0006\0007\000.\0001\000.\0001\000\040\000c\000h\000e\000c\000k\000\137\000f\000o\000r\000\137\000f\000r\000e\000e\000\137\000p\000l\000a\000y\000e\000r\000\050\000\051}{subsection.2.67.1}% 282
\BOOKMARK [3][-]{subsubsection.2.67.1.2}{\376\377\0002\000.\0006\0007\000.\0001\000.\0002\000\040\000g\000i\000v\000e\000\137\000p\000l\000a\000y\000e\000r\000\137\000t\000o\000\137\000c\000l\000i\000e\000n\000t\000\050\000\051}{subsection.2.67.1}% 283
\BOOKMARK [1][-]{section.2.68}{\376\377\0002\000.\0006\0008\000\040\000s\000e\000r\000v\000e\000r\000/\000n\000e\000t\000w\000o\000r\000k\000/\000r\000f\000d\000s\000/\000h\000a\000n\000d\000l\000e\000\137\000c\000l\000i\000e\000n\000t\000.\000c\000\040\000F\000i\000l\000e\000\040\000R\000e\000f\000e\000r\000e\000n\000c\000e}{chapter.2}% 284
\BOOKMARK [2][-]{subsection.2.68.1}{\376\377\0002\000.\0006\0008\000.\0001\000\040\000F\000u\000n\000c\000t\000i\000o\000n\000\040\000D\000o\000c\000u\000m\000e\000n\000t\000a\000t\000i\000o\000n}{section.2.68}% 285
\BOOKMARK [3][-]{subsubsection.2.68.1.1}{\376\377\0002\000.\0006\0008\000.\0001\000.\0001\000\040\000g\000i\000v\000e\000\137\000p\000l\000a\000y\000e\000r\000\137\000t\000o\000\137\000c\000l\000i\000e\000n\000t\000\137\000u\000n\000k\000n\000o\000w\000n\000\050\000\051}{subsection.2.68.1}% 286
\BOOKMARK [3][-]{subsubsection.2.68.1.2}{\376\377\0002\000.\0006\0008\000.\0001\000.\0002\000\040\000h\000a\000n\000d\000l\000e\000\137\000c\000l\000i\000e\000n\000t\000\050\000\051}{subsection.2.68.1}% 287
\BOOKMARK [3][-]{subsubsection.2.68.1.3}{\376\377\0002\000.\0006\0008\000.\0001\000.\0003\000\040\000h\000a\000n\000d\000l\000e\000\137\000c\000l\000i\000e\000n\000t\000\137\000a\000i\000\050\000\051}{subsection.2.68.1}% 288
\BOOKMARK [3][-]{subsubsection.2.68.1.4}{\376\377\0002\000.\0006\0008\000.\0001\000.\0004\000\040\000h\000a\000n\000d\000l\000e\000\137\000c\000l\000i\000e\000n\000t\000\137\000g\000r\000a\000p\000h\000i\000c\000\050\000\051}{subsection.2.68.1}% 289
\BOOKMARK [3][-]{subsubsection.2.68.1.5}{\376\377\0002\000.\0006\0008\000.\0001\000.\0005\000\040\000h\000a\000n\000d\000l\000e\000\137\000c\000l\000i\000e\000n\000t\000\137\000u\000n\000k\000n\000o\000w\000n\000\050\000\051}{subsection.2.68.1}% 290
\BOOKMARK [1][-]{section.2.69}{\376\377\0002\000.\0006\0009\000\040\000s\000e\000r\000v\000e\000r\000/\000n\000e\000t\000w\000o\000r\000k\000/\000r\000f\000d\000s\000/\000m\000a\000n\000a\000g\000e\000\137\000r\000f\000d\000s\000.\000c\000\040\000F\000i\000l\000e\000\040\000R\000e\000f\000e\000r\000e\000n\000c\000e}{chapter.2}% 291
\BOOKMARK [2][-]{subsection.2.69.1}{\376\377\0002\000.\0006\0009\000.\0001\000\040\000F\000u\000n\000c\000t\000i\000o\000n\000\040\000D\000o\000c\000u\000m\000e\000n\000t\000a\000t\000i\000o\000n}{section.2.69}% 292
\BOOKMARK [3][-]{subsubsection.2.69.1.1}{\376\377\0002\000.\0006\0009\000.\0001\000.\0001\000\040\000h\000a\000n\000d\000l\000e\000\137\000n\000e\000w\000\137\000c\000o\000n\000n\000e\000c\000t\000i\000o\000n\000\050\000\051}{subsection.2.69.1}% 293
\BOOKMARK [3][-]{subsubsection.2.69.1.2}{\376\377\0002\000.\0006\0009\000.\0001\000.\0002\000\040\000m\000a\000n\000a\000g\000e\000\137\000r\000f\000d\000s\000\050\000\051}{subsection.2.69.1}% 294
\BOOKMARK [1][-]{section.2.70}{\376\377\0002\000.\0007\0000\000\040\000s\000e\000r\000v\000e\000r\000/\000n\000e\000t\000w\000o\000r\000k\000/\000r\000f\000d\000s\000/\000p\000a\000r\000s\000e\000\137\000c\000o\000m\000m\000a\000n\000d\000.\000c\000\040\000F\000i\000l\000e\000\040\000R\000e\000f\000e\000r\000e\000n\000c\000e}{chapter.2}% 295
\BOOKMARK [2][-]{subsection.2.70.1}{\376\377\0002\000.\0007\0000\000.\0001\000\040\000F\000u\000n\000c\000t\000i\000o\000n\000\040\000D\000o\000c\000u\000m\000e\000n\000t\000a\000t\000i\000o\000n}{section.2.70}% 296
\BOOKMARK [3][-]{subsubsection.2.70.1.1}{\376\377\0002\000.\0007\0000\000.\0001\000.\0001\000\040\000a\000d\000d\000\137\000s\000t\000r\000\137\000t\000o\000\137\000c\000o\000m\000m\000a\000n\000d\000\050\000\051}{subsection.2.70.1}% 297
\BOOKMARK [3][-]{subsubsection.2.70.1.2}{\376\377\0002\000.\0007\0000\000.\0001\000.\0002\000\040\000p\000a\000r\000s\000e\000\137\000c\000o\000m\000m\000a\000n\000d\000\050\000\051}{subsection.2.70.1}% 298
\BOOKMARK [3][-]{subsubsection.2.70.1.3}{\376\377\0002\000.\0007\0000\000.\0001\000.\0003\000\040\000r\000e\000m\000o\000v\000e\000\137\000e\000n\000d\000l\000i\000n\000e\000\137\000f\000r\000o\000m\000\137\000c\000o\000m\000m\000a\000n\000d\000\050\000\051}{subsection.2.70.1}% 299
\BOOKMARK [1][-]{section.2.71}{\376\377\0002\000.\0007\0001\000\040\000s\000e\000r\000v\000e\000r\000/\000n\000e\000t\000w\000o\000r\000k\000/\000s\000e\000l\000e\000c\000t\000\137\000s\000e\000r\000v\000e\000r\000.\000c\000\040\000F\000i\000l\000e\000\040\000R\000e\000f\000e\000r\000e\000n\000c\000e}{chapter.2}% 300
\BOOKMARK [2][-]{subsection.2.71.1}{\376\377\0002\000.\0007\0001\000.\0001\000\040\000F\000u\000n\000c\000t\000i\000o\000n\000\040\000D\000o\000c\000u\000m\000e\000n\000t\000a\000t\000i\000o\000n}{section.2.71}% 301
\BOOKMARK [3][-]{subsubsection.2.71.1.1}{\376\377\0002\000.\0007\0001\000.\0001\000.\0001\000\040\000s\000e\000l\000e\000c\000t\000\137\000s\000e\000r\000v\000e\000r\000\050\000\051}{subsection.2.71.1}% 302
\BOOKMARK [1][-]{section.2.72}{\376\377\0002\000.\0007\0002\000\040\000s\000e\000r\000v\000e\000r\000/\000n\000e\000t\000w\000o\000r\000k\000/\000s\000e\000n\000d\000/\000a\000d\000d\000\137\000t\000o\000\137\000i\000n\000i\000t\000\137\000g\000r\000a\000p\000h\000\137\000r\000e\000s\000p\000o\000n\000s\000e\000.\000c\000\040\000F\000i\000l\000e\000\040\000R\000e\000f\000e\000r\000e\000n\000c\000e}{chapter.2}% 303
\BOOKMARK [2][-]{subsection.2.72.1}{\376\377\0002\000.\0007\0002\000.\0001\000\040\000F\000u\000n\000c\000t\000i\000o\000n\000\040\000D\000o\000c\000u\000m\000e\000n\000t\000a\000t\000i\000o\000n}{section.2.72}% 304
\BOOKMARK [3][-]{subsubsection.2.72.1.1}{\376\377\0002\000.\0007\0002\000.\0001\000.\0001\000\040\000a\000d\000d\000\137\000t\000o\000\137\000i\000n\000i\000t\000\137\000g\000r\000a\000p\000h\000\137\000r\000e\000s\000p\000o\000n\000s\000e\000\050\000\051}{subsection.2.72.1}% 305
\BOOKMARK [1][-]{section.2.73}{\376\377\0002\000.\0007\0003\000\040\000s\000e\000r\000v\000e\000r\000/\000n\000e\000t\000w\000o\000r\000k\000/\000s\000e\000n\000d\000/\000r\000e\000s\000p\000o\000n\000d\000\137\000t\000o\000\137\000c\000l\000i\000e\000n\000t\000.\000c\000\040\000F\000i\000l\000e\000\040\000R\000e\000f\000e\000r\000e\000n\000c\000e}{chapter.2}% 306
\BOOKMARK [2][-]{subsection.2.73.1}{\376\377\0002\000.\0007\0003\000.\0001\000\040\000F\000u\000n\000c\000t\000i\000o\000n\000\040\000D\000o\000c\000u\000m\000e\000n\000t\000a\000t\000i\000o\000n}{section.2.73}% 307
\BOOKMARK [3][-]{subsubsection.2.73.1.1}{\376\377\0002\000.\0007\0003\000.\0001\000.\0001\000\040\000r\000e\000s\000p\000o\000n\000d\000\137\000t\000o\000\137\000c\000l\000i\000e\000n\000t\000\050\000\051}{subsection.2.73.1}% 308
\BOOKMARK [1][-]{section.2.74}{\376\377\0002\000.\0007\0004\000\040\000s\000e\000r\000v\000e\000r\000/\000n\000e\000t\000w\000o\000r\000k\000/\000s\000e\000n\000d\000/\000s\000e\000n\000d\000\137\000i\000n\000f\000o\000\137\000t\000o\000\137\000g\000r\000a\000p\000h\000i\000c\000a\000l\000.\000c\000\040\000F\000i\000l\000e\000\040\000R\000e\000f\000e\000r\000e\000n\000c\000e}{chapter.2}% 309
\BOOKMARK [2][-]{subsection.2.74.1}{\376\377\0002\000.\0007\0004\000.\0001\000\040\000F\000u\000n\000c\000t\000i\000o\000n\000\040\000D\000o\000c\000u\000m\000e\000n\000t\000a\000t\000i\000o\000n}{section.2.74}% 310
\BOOKMARK [3][-]{subsubsection.2.74.1.1}{\376\377\0002\000.\0007\0004\000.\0001\000.\0001\000\040\000s\000e\000n\000d\000\137\000i\000n\000f\000o\000\137\000t\000o\000\137\000g\000r\000a\000p\000h\000i\000c\000a\000l\000\050\000\051}{subsection.2.74.1}% 311
\BOOKMARK [1][-]{section.2.75}{\376\377\0002\000.\0007\0005\000\040\000s\000e\000r\000v\000e\000r\000/\000n\000e\000t\000w\000o\000r\000k\000/\000s\000e\000n\000d\000/\000s\000e\000n\000d\000\137\000i\000n\000i\000t\000\137\000i\000n\000f\000o\000\137\000t\000o\000\137\000g\000r\000a\000p\000h\000.\000c\000\040\000F\000i\000l\000e\000\040\000R\000e\000f\000e\000r\000e\000n\000c\000e}{chapter.2}% 312
\BOOKMARK [2][-]{subsection.2.75.1}{\376\377\0002\000.\0007\0005\000.\0001\000\040\000F\000u\000n\000c\000t\000i\000o\000n\000\040\000D\000o\000c\000u\000m\000e\000n\000t\000a\000t\000i\000o\000n}{section.2.75}% 313
\BOOKMARK [3][-]{subsubsection.2.75.1.1}{\376\377\0002\000.\0007\0005\000.\0001\000.\0001\000\040\000s\000e\000n\000d\000\137\000i\000n\000i\000t\000\137\000i\000n\000f\000o\000\137\000t\000o\000\137\000g\000r\000a\000p\000h\000\050\000\051}{subsection.2.75.1}% 314
\BOOKMARK [1][-]{section.2.76}{\376\377\0002\000.\0007\0006\000\040\000s\000e\000r\000v\000e\000r\000/\000n\000e\000t\000w\000o\000r\000k\000/\000w\000f\000d\000s\000/\000m\000a\000n\000a\000g\000e\000\137\000w\000f\000d\000s\000.\000c\000\040\000F\000i\000l\000e\000\040\000R\000e\000f\000e\000r\000e\000n\000c\000e}{chapter.2}% 315
\BOOKMARK [2][-]{subsection.2.76.1}{\376\377\0002\000.\0007\0006\000.\0001\000\040\000F\000u\000n\000c\000t\000i\000o\000n\000\040\000D\000o\000c\000u\000m\000e\000n\000t\000a\000t\000i\000o\000n}{section.2.76}% 316
\BOOKMARK [3][-]{subsubsection.2.76.1.1}{\376\377\0002\000.\0007\0006\000.\0001\000.\0001\000\040\000h\000a\000n\000d\000l\000e\000\137\000c\000l\000i\000e\000n\000t\000\137\000w\000f\000d\000s\000\050\000\051}{subsection.2.76.1}% 317
\BOOKMARK [3][-]{subsubsection.2.76.1.2}{\376\377\0002\000.\0007\0006\000.\0001\000.\0002\000\040\000m\000a\000n\000a\000g\000e\000\137\000w\000f\000d\000s\000\050\000\051}{subsection.2.76.1}% 318
\BOOKMARK [1][-]{section.2.77}{\376\377\0002\000.\0007\0007\000\040\000s\000e\000r\000v\000e\000r\000/\000n\000e\000t\000w\000o\000r\000k\000/\000w\000f\000d\000s\000/\000m\000a\000n\000a\000g\000e\000\137\000w\000f\000d\000s\000\137\000a\000i\000.\000c\000\040\000F\000i\000l\000e\000\040\000R\000e\000f\000e\000r\000e\000n\000c\000e}{chapter.2}% 319
\BOOKMARK [2][-]{subsection.2.77.1}{\376\377\0002\000.\0007\0007\000.\0001\000\040\000F\000u\000n\000c\000t\000i\000o\000n\000\040\000D\000o\000c\000u\000m\000e\000n\000t\000a\000t\000i\000o\000n}{section.2.77}% 320
\BOOKMARK [3][-]{subsubsection.2.77.1.1}{\376\377\0002\000.\0007\0007\000.\0001\000.\0001\000\040\000h\000a\000n\000d\000l\000e\000\137\000c\000l\000i\000e\000n\000t\000\137\000a\000i\000\137\000w\000f\000d\000s\000\050\000\051}{subsection.2.77.1}% 321
\BOOKMARK [3][-]{subsubsection.2.77.1.2}{\376\377\0002\000.\0007\0007\000.\0001\000.\0002\000\040\000i\000n\000i\000t\000\137\000s\000e\000r\000v\000\137\000i\000n\000f\000o\000\137\000b\000u\000f\000f\000e\000r\000\050\000\051}{subsection.2.77.1}% 322
\BOOKMARK [1][-]{section.2.78}{\376\377\0002\000.\0007\0008\000\040\000s\000e\000r\000v\000e\000r\000/\000n\000e\000t\000w\000o\000r\000k\000/\000w\000f\000d\000s\000/\000m\000a\000n\000a\000g\000e\000\137\000w\000f\000d\000s\000\137\000g\000r\000a\000p\000h\000.\000c\000\040\000F\000i\000l\000e\000\040\000R\000e\000f\000e\000r\000e\000n\000c\000e}{chapter.2}% 323
\BOOKMARK [2][-]{subsection.2.78.1}{\376\377\0002\000.\0007\0008\000.\0001\000\040\000F\000u\000n\000c\000t\000i\000o\000n\000\040\000D\000o\000c\000u\000m\000e\000n\000t\000a\000t\000i\000o\000n}{section.2.78}% 324
\BOOKMARK [3][-]{subsubsection.2.78.1.1}{\376\377\0002\000.\0007\0008\000.\0001\000.\0001\000\040\000h\000a\000n\000d\000l\000e\000\137\000c\000l\000i\000e\000n\000t\000\137\000g\000r\000a\000p\000h\000\137\000w\000f\000d\000s\000\050\000\051}{subsection.2.78.1}% 325
\BOOKMARK [1][-]{section.2.79}{\376\377\0002\000.\0007\0009\000\040\000s\000e\000r\000v\000e\000r\000/\000n\000e\000t\000w\000o\000r\000k\000/\000w\000f\000d\000s\000/\000s\000e\000t\000\137\000w\000f\000d\000s\000.\000c\000\040\000F\000i\000l\000e\000\040\000R\000e\000f\000e\000r\000e\000n\000c\000e}{chapter.2}% 326
\BOOKMARK [2][-]{subsection.2.79.1}{\376\377\0002\000.\0007\0009\000.\0001\000\040\000F\000u\000n\000c\000t\000i\000o\000n\000\040\000D\000o\000c\000u\000m\000e\000n\000t\000a\000t\000i\000o\000n}{section.2.79}% 327
\BOOKMARK [3][-]{subsubsection.2.79.1.1}{\376\377\0002\000.\0007\0009\000.\0001\000.\0001\000\040\000i\000f\000\137\000n\000o\000t\000\137\000s\000e\000t\000\137\000w\000f\000d\000s\000\050\000\051}{subsection.2.79.1}% 328
\BOOKMARK [3][-]{subsubsection.2.79.1.2}{\376\377\0002\000.\0007\0009\000.\0001\000.\0002\000\040\000i\000f\000\137\000s\000e\000t\000\137\000w\000f\000d\000s\000\050\000\051}{subsection.2.79.1}% 329
\BOOKMARK [3][-]{subsubsection.2.79.1.3}{\376\377\0002\000.\0007\0009\000.\0001\000.\0003\000\040\000s\000e\000t\000\137\000w\000f\000d\000s\000\050\000\051}{subsection.2.79.1}% 330
\BOOKMARK [1][-]{section.2.80}{\376\377\0002\000.\0008\0000\000\040\000s\000e\000r\000v\000e\000r\000/\000r\000u\000n\000\137\000z\000a\000p\000p\000y\000.\000c\000\040\000F\000i\000l\000e\000\040\000R\000e\000f\000e\000r\000e\000n\000c\000e}{chapter.2}% 331
\BOOKMARK [2][-]{subsection.2.80.1}{\376\377\0002\000.\0008\0000\000.\0001\000\040\000F\000u\000n\000c\000t\000i\000o\000n\000\040\000D\000o\000c\000u\000m\000e\000n\000t\000a\000t\000i\000o\000n}{section.2.80}% 332
\BOOKMARK [3][-]{subsubsection.2.80.1.1}{\376\377\0002\000.\0008\0000\000.\0001\000.\0001\000\040\000r\000u\000n\000\137\000z\000a\000p\000p\000y\000\050\000\051}{subsection.2.80.1}% 333
\BOOKMARK [1][-]{section.2.81}{\376\377\0002\000.\0008\0001\000\040\000s\000e\000r\000v\000e\000r\000/\000t\000o\000o\000l\000s\000/\000a\000r\000r\000a\000y\000\137\000t\000o\000o\000l\000s\000.\000c\000\040\000F\000i\000l\000e\000\040\000R\000e\000f\000e\000r\000e\000n\000c\000e}{chapter.2}% 334
\BOOKMARK [2][-]{subsection.2.81.1}{\376\377\0002\000.\0008\0001\000.\0001\000\040\000F\000u\000n\000c\000t\000i\000o\000n\000\040\000D\000o\000c\000u\000m\000e\000n\000t\000a\000t\000i\000o\000n}{section.2.81}% 335
\BOOKMARK [3][-]{subsubsection.2.81.1.1}{\376\377\0002\000.\0008\0001\000.\0001\000.\0001\000\040\000g\000e\000t\000\137\000a\000r\000r\000a\000y\000\137\000s\000i\000z\000e\000\050\000\051}{subsection.2.81.1}% 336
\BOOKMARK [1][-]{section.2.82}{\376\377\0002\000.\0008\0002\000\040\000s\000e\000r\000v\000e\000r\000/\000t\000o\000o\000l\000s\000/\000b\000u\000f\000f\000e\000r\000.\000c\000\040\000F\000i\000l\000e\000\040\000R\000e\000f\000e\000r\000e\000n\000c\000e}{chapter.2}% 337
\BOOKMARK [2][-]{subsection.2.82.1}{\376\377\0002\000.\0008\0002\000.\0001\000\040\000F\000u\000n\000c\000t\000i\000o\000n\000\040\000D\000o\000c\000u\000m\000e\000n\000t\000a\000t\000i\000o\000n}{section.2.82}% 338
\BOOKMARK [3][-]{subsubsection.2.82.1.1}{\376\377\0002\000.\0008\0002\000.\0001\000.\0001\000\040\000a\000d\000d\000\137\000s\000t\000r\000\137\000t\000o\000\137\000b\000u\000f\000f\000e\000r\000\050\000\051}{subsection.2.82.1}% 339
\BOOKMARK [3][-]{subsubsection.2.82.1.2}{\376\377\0002\000.\0008\0002\000.\0001\000.\0002\000\040\000r\000e\000s\000e\000t\000\137\000b\000u\000f\000f\000e\000r\000\050\000\051}{subsection.2.82.1}% 340
\BOOKMARK [1][-]{section.2.83}{\376\377\0002\000.\0008\0003\000\040\000s\000e\000r\000v\000e\000r\000/\000t\000o\000o\000l\000s\000/\000e\000r\000r\000o\000r\000/\000i\000n\000t\000.\000c\000\040\000F\000i\000l\000e\000\040\000R\000e\000f\000e\000r\000e\000n\000c\000e}{chapter.2}% 341
\BOOKMARK [2][-]{subsection.2.83.1}{\376\377\0002\000.\0008\0003\000.\0001\000\040\000F\000u\000n\000c\000t\000i\000o\000n\000\040\000D\000o\000c\000u\000m\000e\000n\000t\000a\000t\000i\000o\000n}{section.2.83}% 342
\BOOKMARK [3][-]{subsubsection.2.83.1.1}{\376\377\0002\000.\0008\0003\000.\0001\000.\0001\000\040\000e\000r\000r\000o\000r\000\050\000\051}{subsection.2.83.1}% 343
\BOOKMARK [3][-]{subsubsection.2.83.1.2}{\376\377\0002\000.\0008\0003\000.\0001\000.\0002\000\040\000e\000r\000r\000o\000r\000\137\000c\000l\000o\000s\000e\000\050\000\051}{subsection.2.83.1}% 344
\BOOKMARK [1][-]{section.2.84}{\376\377\0002\000.\0008\0004\000\040\000s\000e\000r\000v\000e\000r\000/\000t\000o\000o\000l\000s\000/\000e\000r\000r\000o\000r\000/\000p\000r\000i\000n\000t\000.\000c\000\040\000F\000i\000l\000e\000\040\000R\000e\000f\000e\000r\000e\000n\000c\000e}{chapter.2}% 345
\BOOKMARK [2][-]{subsection.2.84.1}{\376\377\0002\000.\0008\0004\000.\0001\000\040\000F\000u\000n\000c\000t\000i\000o\000n\000\040\000D\000o\000c\000u\000m\000e\000n\000t\000a\000t\000i\000o\000n}{section.2.84}% 346
\BOOKMARK [3][-]{subsubsection.2.84.1.1}{\376\377\0002\000.\0008\0004\000.\0001\000.\0001\000\040\000e\000r\000r\000o\000r\000\137\000p\000r\000i\000n\000t\000\050\000\051}{subsection.2.84.1}% 347
\BOOKMARK [3][-]{subsubsection.2.84.1.2}{\376\377\0002\000.\0008\0004\000.\0001\000.\0002\000\040\000e\000r\000r\000o\000r\000\137\000p\000r\000i\000n\000t\000\137\000p\000t\000r\000\050\000\051}{subsection.2.84.1}% 348
\BOOKMARK [1][-]{section.2.85}{\376\377\0002\000.\0008\0005\000\040\000s\000e\000r\000v\000e\000r\000/\000t\000o\000o\000l\000s\000/\000e\000r\000r\000o\000r\000/\000p\000t\000r\000.\000c\000\040\000F\000i\000l\000e\000\040\000R\000e\000f\000e\000r\000e\000n\000c\000e}{chapter.2}% 349
\BOOKMARK [2][-]{subsection.2.85.1}{\376\377\0002\000.\0008\0005\000.\0001\000\040\000F\000u\000n\000c\000t\000i\000o\000n\000\040\000D\000o\000c\000u\000m\000e\000n\000t\000a\000t\000i\000o\000n}{section.2.85}% 350
\BOOKMARK [3][-]{subsubsection.2.85.1.1}{\376\377\0002\000.\0008\0005\000.\0001\000.\0001\000\040\000e\000r\000r\000o\000r\000\137\000c\000l\000o\000s\000e\000\137\000p\000t\000r\000\050\000\051}{subsection.2.85.1}% 351
\BOOKMARK [3][-]{subsubsection.2.85.1.2}{\376\377\0002\000.\0008\0005\000.\0001\000.\0002\000\040\000e\000r\000r\000o\000r\000\137\000p\000t\000r\000\050\000\051}{subsection.2.85.1}% 352
\BOOKMARK [1][-]{section.2.86}{\376\377\0002\000.\0008\0006\000\040\000s\000e\000r\000v\000e\000r\000/\000t\000o\000o\000l\000s\000/\000u\000s\000a\000g\000e\000.\000c\000\040\000F\000i\000l\000e\000\040\000R\000e\000f\000e\000r\000e\000n\000c\000e}{chapter.2}% 353
\BOOKMARK [2][-]{subsection.2.86.1}{\376\377\0002\000.\0008\0006\000.\0001\000\040\000F\000u\000n\000c\000t\000i\000o\000n\000\040\000D\000o\000c\000u\000m\000e\000n\000t\000a\000t\000i\000o\000n}{section.2.86}% 354
\BOOKMARK [3][-]{subsubsection.2.86.1.1}{\376\377\0002\000.\0008\0006\000.\0001\000.\0001\000\040\000u\000s\000a\000g\000e\000\050\000\051}{subsection.2.86.1}% 355
\BOOKMARK [0][-]{section*.89}{\376\377\000I\000n\000d\000e\000x}{}% 356
